Using pre-set license
Built from '2021.3/staging' branch; Version is '2021.3.16f1 (4016570cf34f) revision 4200023'; Using compiler version '192829333'; Build Type 'Release'
OS: 'Windows 10  (10.0.19044) 64bit Core' Language: 'ko' Physical Memory: 16107 MB
BatchMode: 1, IsHumanControllingUs: 0, StartBugReporterOnCrash: 0, Is64bit: 1, IsPro: 1

COMMAND LINE ARGUMENTS:
C:\Program Files\Unity\Hub\Editor\2021.3.16f1\Editor\Unity.exe
-adb2
-batchMode
-noUpm
-name
AssetImportWorker6
-projectPath
C:/Users/User/Desktop/UPPURLPE/UPPURPLE
-logFile
Logs/AssetImportWorker6.log
-srvPort
59427
Successfully changed project path to: C:/Users/User/Desktop/UPPURLPE/UPPURPLE
C:/Users/User/Desktop/UPPURLPE/UPPURPLE
[UnityMemory] Configuration Parameters - Can be set up in boot.config
    "memorysetup-bucket-allocator-granularity=16"
    "memorysetup-bucket-allocator-bucket-count=8"
    "memorysetup-bucket-allocator-block-size=33554432"
    "memorysetup-bucket-allocator-block-count=8"
    "memorysetup-main-allocator-block-size=16777216"
    "memorysetup-thread-allocator-block-size=16777216"
    "memorysetup-gfx-main-allocator-block-size=16777216"
    "memorysetup-gfx-thread-allocator-block-size=16777216"
    "memorysetup-cache-allocator-block-size=4194304"
    "memorysetup-typetree-allocator-block-size=2097152"
    "memorysetup-profiler-bucket-allocator-granularity=16"
    "memorysetup-profiler-bucket-allocator-bucket-count=8"
    "memorysetup-profiler-bucket-allocator-block-size=33554432"
    "memorysetup-profiler-bucket-allocator-block-count=8"
    "memorysetup-profiler-allocator-block-size=16777216"
    "memorysetup-profiler-editor-allocator-block-size=1048576"
    "memorysetup-temp-allocator-size-main=16777216"
    "memorysetup-job-temp-allocator-block-size=2097152"
    "memorysetup-job-temp-allocator-block-size-background=1048576"
    "memorysetup-job-temp-allocator-reduction-small-platforms=262144"
    "memorysetup-temp-allocator-size-background-worker=32768"
    "memorysetup-temp-allocator-size-job-worker=262144"
    "memorysetup-temp-allocator-size-preload-manager=33554432"
    "memorysetup-temp-allocator-size-nav-mesh-worker=65536"
    "memorysetup-temp-allocator-size-audio-worker=65536"
    "memorysetup-temp-allocator-size-cloud-worker=32768"
    "memorysetup-temp-allocator-size-gi-baking-worker=262144"
    "memorysetup-temp-allocator-size-gfx=262144"
Player connection [23896] Host "[IP] 192.168.0.4 [Port] 0 [Flags] 2 [Guid] 3167163943 [EditorId] 3167163943 [Version] 1048832 [Id] WindowsEditor(7,LAPTOP-NJ38A8SC) [Debug] 1 [PackageName] WindowsEditor [ProjectName] Editor" joined multi-casting on [225.0.0.222:54997]...

Player connection [23896] Host "[IP] 192.168.0.4 [Port] 0 [Flags] 2 [Guid] 3167163943 [EditorId] 3167163943 [Version] 1048832 [Id] WindowsEditor(7,LAPTOP-NJ38A8SC) [Debug] 1 [PackageName] WindowsEditor [ProjectName] Editor" joined alternative multi-casting on [225.0.0.222:34997]...

Refreshing native plugins compatible for Editor in 351.80 ms, found 3 plugins.
Preloading 0 native plugins for Editor in 0.00 ms.
Initialize engine version: 2021.3.16f1 (4016570cf34f)
[Subsystems] Discovering subsystems at path C:/Program Files/Unity/Hub/Editor/2021.3.16f1/Editor/Data/Resources/UnitySubsystems
[Subsystems] Discovering subsystems at path C:/Users/User/Desktop/UPPURLPE/UPPURPLE/Assets
GfxDevice: creating device client; threaded=0; jobified=0
Direct3D:
    Version:  Direct3D 11.0 [level 11.1]
    Renderer: Intel(R) Iris(R) Xe Graphics (ID=0x9a49)
    Vendor:   Intel
    VRAM:     8053 MB
    Driver:   27.20.100.9415
Initialize mono
Mono path[0] = 'C:/Program Files/Unity/Hub/Editor/2021.3.16f1/Editor/Data/Managed'
Mono path[1] = 'C:/Program Files/Unity/Hub/Editor/2021.3.16f1/Editor/Data/MonoBleedingEdge/lib/mono/unityjit-win32'
Mono config path = 'C:/Program Files/Unity/Hub/Editor/2021.3.16f1/Editor/Data/MonoBleedingEdge/etc'
Using monoOptions --debugger-agent=transport=dt_socket,embedding=1,server=y,suspend=n,address=127.0.0.1:56692
Begin MonoManager ReloadAssembly
Registering precompiled unity dll's ...
Register platform support module: C:/Program Files/Unity/Hub/Editor/2021.3.16f1/Editor/Data/PlaybackEngines/AndroidPlayer/UnityEditor.Android.Extensions.dll
Register platform support module: C:/Program Files/Unity/Hub/Editor/2021.3.16f1/Editor/Data/PlaybackEngines/WindowsStandaloneSupport/UnityEditor.WindowsStandalone.Extensions.dll
Registered in 0.023317 seconds.
Native extension for WindowsStandalone target not found
Native extension for Android target not found
Refreshing native plugins compatible for Editor in 347.34 ms, found 3 plugins.
Preloading 0 native plugins for Editor in 0.00 ms.
Mono: successfully reloaded assembly
- Completed reload, in  2.486 seconds
Domain Reload Profiling:
	ReloadAssembly (2487ms)
		BeginReloadAssembly (266ms)
			ExecutionOrderSort (0ms)
			DisableScriptedObjects (0ms)
			BackupInstance (0ms)
			ReleaseScriptingObjects (0ms)
			CreateAndSetChildDomain (3ms)
		EndReloadAssembly (1824ms)
			LoadAssemblies (254ms)
			RebuildTransferFunctionScriptingTraits (0ms)
			SetupTypeCache (454ms)
			ReleaseScriptCaches (0ms)
			RebuildScriptCaches (101ms)
			SetupLoadedEditorAssemblies (1087ms)
				LogAssemblyErrors (0ms)
				InitializePlatformSupportModulesInManaged (209ms)
				SetLoadedEditorAssemblies (1ms)
				RefreshPlugins (348ms)
				BeforeProcessingInitializeOnLoad (4ms)
				ProcessInitializeOnLoadAttributes (361ms)
				ProcessInitializeOnLoadMethodAttributes (164ms)
				AfterProcessingInitializeOnLoad (0ms)
				EditorAssembliesLoaded (0ms)
			ExecutionOrderSort2 (0ms)
			AwakeInstancesAfterBackupRestoration (0ms)
Platform modules already initialized, skipping
Registering precompiled user dll's ...
Registered in 0.020715 seconds.
Begin MonoManager ReloadAssembly
Symbol file LoadedFromMemory doesn't match image C:\Users\User\Desktop\UPPURLPE\UPPURPLE\Library\PackageCache\com.unity.visualscripting@1.7.8\Editor\VisualScripting.Core\Dependencies\YamlDotNet\Unity.VisualScripting.YamlDotNet.dll
Symbol file LoadedFromMemory doesn't match image C:\Users\User\Desktop\UPPURLPE\UPPURPLE\Library\PackageCache\com.unity.visualscripting@1.7.8\Editor\VisualScripting.Core\Dependencies\DotNetZip\Unity.VisualScripting.IonicZip.dll
Native extension for WindowsStandalone target not found
Native extension for Android target not found
Refreshing native plugins compatible for Editor in 2.04 ms, found 3 plugins.
Preloading 0 native plugins for Editor in 0.00 ms.
Mono: successfully reloaded assembly
- Completed reload, in 17.883 seconds
Domain Reload Profiling:
	ReloadAssembly (17886ms)
		BeginReloadAssembly (505ms)
			ExecutionOrderSort (0ms)
			DisableScriptedObjects (22ms)
			BackupInstance (0ms)
			ReleaseScriptingObjects (0ms)
			CreateAndSetChildDomain (158ms)
		EndReloadAssembly (16925ms)
			LoadAssemblies (9353ms)
			RebuildTransferFunctionScriptingTraits (0ms)
			SetupTypeCache (2798ms)
			ReleaseScriptCaches (2ms)
			RebuildScriptCaches (215ms)
			SetupLoadedEditorAssemblies (4370ms)
				LogAssemblyErrors (0ms)
				InitializePlatformSupportModulesInManaged (58ms)
				SetLoadedEditorAssemblies (1ms)
				RefreshPlugins (2ms)
				BeforeProcessingInitializeOnLoad (354ms)
				ProcessInitializeOnLoadAttributes (918ms)
				ProcessInitializeOnLoadMethodAttributes (3004ms)
				AfterProcessingInitializeOnLoad (31ms)
				EditorAssembliesLoaded (1ms)
			ExecutionOrderSort2 (0ms)
			AwakeInstancesAfterBackupRestoration (18ms)
Platform modules already initialized, skipping
========================================================================
Worker process is ready to serve import requests
Launched and connected shader compiler UnityShaderCompiler.exe after 0.24 seconds
Refreshing native plugins compatible for Editor in 0.51 ms, found 3 plugins.
Preloading 0 native plugins for Editor in 0.00 ms.
Unloading 3361 Unused Serialized files (Serialized files now loaded: 0)
Unloading 27 unused Assets / (113.9 KB). Loaded Objects now: 3841.
Memory consumption went from 137.3 MB to 137.2 MB.
Total: 3.080200 ms (FindLiveObjects: 0.245300 ms CreateObjectMapping: 0.112700 ms MarkObjects: 2.589800 ms  DeleteObjects: 0.131500 ms)

AssetImportParameters requested are different than current active one (requested -> active):
  custom:video-decoder-ogg-theora: a1e56fd34408186e4bbccfd4996cb3dc -> 
  custom:container-muxer-webm: aa71ff27fc2769a1b78a27578f13a17b -> 
  custom:container-demuxer-webm: 4f35f7cbe854078d1ac9338744f61a02 -> 
  custom:video-encoder-webm-vp8: eb34c28f22e8b96e1ab97ce403110664 -> 
  custom:video-codec-MediaFoundation-h265: 746d11721c4dcdbdad8f713fa42b33f4 -> 
  custom:audio-encoder-webm-vorbis: bf7c407c2cedff20999df2af8eb42d56 -> 
  custom:framework-win-MediaFoundation: 216162199b28c13a410421893ffa2e32 -> 
  custom:container-demuxer-ogg: 62fdf1f143b41e24485cea50d1cbac27 -> 
  custom:video-decoder-webm-vp8: 9c59270c3fd7afecdb556c50c9e8de78 -> 
  custom:audio-decoder-ogg-vorbis: bf7c407c2cedff20999df2af8eb42d56 -> 
========================================================================
Received Import Request.
  Time since last request: 118614.954821 seconds.
  path: Assets/Art gallery Vol.8 - modern showroom/Models/Textures/tex_SM_Mannequin_1_1_Normal.png
  artifactKey: Guid(79fa18cda1e29f94c9f99ec7744f4df4) Importer(815301076,1909f56bfc062723c751e8b465ee728b)
Start importing Assets/Art gallery Vol.8 - modern showroom/Models/Textures/tex_SM_Mannequin_1_1_Normal.png using Guid(79fa18cda1e29f94c9f99ec7744f4df4) Importer(815301076,1909f56bfc062723c751e8b465ee728b)  -> (artifact id: 'f791cf9f36cdc06e907da3ac74fce7d7') in 0.381200 seconds 
========================================================================
Received Import Request.
  Time since last request: 0.000060 seconds.
  path: Assets/Art gallery Vol.8 - modern showroom/Models/Textures/tex_SM_Mannequin_1_1_AlbedoTransparency.png
  artifactKey: Guid(465fb2a368a1e1945bbc5a36ef00b0fd) Importer(815301076,1909f56bfc062723c751e8b465ee728b)
Start importing Assets/Art gallery Vol.8 - modern showroom/Models/Textures/tex_SM_Mannequin_1_1_AlbedoTransparency.png using Guid(465fb2a368a1e1945bbc5a36ef00b0fd) Importer(815301076,1909f56bfc062723c751e8b465ee728b)  -> (artifact id: '5f6404739c205f2bb73a31e76b201bed') in 0.076228 seconds 
========================================================================
Received Import Request.
  Time since last request: 0.000079 seconds.
  path: Assets/Art gallery Vol.8 - modern showroom/Models/Textures/tex_M_Mannequin_3_2_MetallicSmoothness.png
  artifactKey: Guid(08ee14f2e4b80a042844a2c285531d12) Importer(815301076,1909f56bfc062723c751e8b465ee728b)
Start importing Assets/Art gallery Vol.8 - modern showroom/Models/Textures/tex_M_Mannequin_3_2_MetallicSmoothness.png using Guid(08ee14f2e4b80a042844a2c285531d12) Importer(815301076,1909f56bfc062723c751e8b465ee728b)  -> (artifact id: 'c669e6f7a26195d1b62038cb7dc793a0') in 0.094580 seconds 
========================================================================
Received Import Request.
  Time since last request: 0.000037 seconds.
  path: Assets/Art gallery Vol.8 - modern showroom/Models/Textures/tex_SM_Mannequin_1_30_AlbedoTransparency.png
  artifactKey: Guid(3566f5a881dd6cc4bb869d7096997029) Importer(815301076,1909f56bfc062723c751e8b465ee728b)
Start importing Assets/Art gallery Vol.8 - modern showroom/Models/Textures/tex_SM_Mannequin_1_30_AlbedoTransparency.png using Guid(3566f5a881dd6cc4bb869d7096997029) Importer(815301076,1909f56bfc062723c751e8b465ee728b)  -> (artifact id: '162b1582ee056b2265722dbc795c5dbd') in 0.054729 seconds 
========================================================================
Received Import Request.
  Time since last request: 0.000044 seconds.
  path: Assets/Art gallery Vol.8 - modern showroom/Models/Textures/tex_SM_Mannequin_2_2_Normal.png
  artifactKey: Guid(4090efd29a2db044286e837406576d3c) Importer(815301076,1909f56bfc062723c751e8b465ee728b)
Start importing Assets/Art gallery Vol.8 - modern showroom/Models/Textures/tex_SM_Mannequin_2_2_Normal.png using Guid(4090efd29a2db044286e837406576d3c) Importer(815301076,1909f56bfc062723c751e8b465ee728b)  -> (artifact id: '6723e1fa4510094b4f4b88ef2df326e3') in 0.094782 seconds 
========================================================================
Received Import Request.
  Time since last request: 0.000059 seconds.
  path: Assets/Art gallery Vol.8 - modern showroom/Models/Textures/tex_M_Mannequin_3_1_MetallicSmoothness.png
  artifactKey: Guid(7d137a7bb2cdba649a5310b99690d9a2) Importer(815301076,1909f56bfc062723c751e8b465ee728b)
Start importing Assets/Art gallery Vol.8 - modern showroom/Models/Textures/tex_M_Mannequin_3_1_MetallicSmoothness.png using Guid(7d137a7bb2cdba649a5310b99690d9a2) Importer(815301076,1909f56bfc062723c751e8b465ee728b)  -> (artifact id: '7d24fe0ac9739e2dace1d44403a9e43b') in 0.138150 seconds 
========================================================================
Received Import Request.
  Time since last request: 0.000223 seconds.
  path: Assets/Art gallery Vol.8 - modern showroom/Models/Textures/tex_SM_Mannequin_1_2_AlbedoTransparency.png
  artifactKey: Guid(65469a5ef8c98bc45b1f6a6f86137208) Importer(815301076,1909f56bfc062723c751e8b465ee728b)
Start importing Assets/Art gallery Vol.8 - modern showroom/Models/Textures/tex_SM_Mannequin_1_2_AlbedoTransparency.png using Guid(65469a5ef8c98bc45b1f6a6f86137208) Importer(815301076,1909f56bfc062723c751e8b465ee728b)  -> (artifact id: 'a9aa81fa9b5bd46628eb775598bd2d6b') in 0.070303 seconds 
========================================================================
Received Import Request.
  Time since last request: 0.000050 seconds.
  path: Assets/Art gallery Vol.8 - modern showroom/Models/Textures/tex_SM_Mannequin_1_3_MetallicSmoothness.png
  artifactKey: Guid(d1a16bd6a03bda146800ef4d57f3d611) Importer(815301076,1909f56bfc062723c751e8b465ee728b)
Start importing Assets/Art gallery Vol.8 - modern showroom/Models/Textures/tex_SM_Mannequin_1_3_MetallicSmoothness.png using Guid(d1a16bd6a03bda146800ef4d57f3d611) Importer(815301076,1909f56bfc062723c751e8b465ee728b)  -> (artifact id: 'a302ff2f7fcbced1dd91af5e6b5918fa') in 0.090873 seconds 
========================================================================
Received Import Request.
  Time since last request: 0.000063 seconds.
  path: Assets/Art gallery Vol.8 - modern showroom/Models/Textures/tex_SM_Mannequin_1_30_MetallicSmoothness.png
  artifactKey: Guid(56cbffbf27ecda84fa3fd6d0cdd9fb2c) Importer(815301076,1909f56bfc062723c751e8b465ee728b)
Start importing Assets/Art gallery Vol.8 - modern showroom/Models/Textures/tex_SM_Mannequin_1_30_MetallicSmoothness.png using Guid(56cbffbf27ecda84fa3fd6d0cdd9fb2c) Importer(815301076,1909f56bfc062723c751e8b465ee728b)  -> (artifact id: 'b8688d785b96841c33bc52e8dab256c6') in 0.086419 seconds 
========================================================================
Received Import Request.
  Time since last request: 0.000035 seconds.
  path: Assets/Art gallery Vol.8 - modern showroom/Models/Textures/plate_tex_Normal.png
  artifactKey: Guid(f80776cdd6354a841b98c60e29df9acf) Importer(815301076,1909f56bfc062723c751e8b465ee728b)
Start importing Assets/Art gallery Vol.8 - modern showroom/Models/Textures/plate_tex_Normal.png using Guid(f80776cdd6354a841b98c60e29df9acf) Importer(815301076,1909f56bfc062723c751e8b465ee728b)  -> (artifact id: 'd9d775acc1961f103d15a0735dc6e862') in 0.044257 seconds 
========================================================================
Received Import Request.
  Time since last request: 0.000053 seconds.
  path: Assets/Art gallery Vol.8 - modern showroom/Models/Textures/tex_SM_Mannequin_2_1_MetallicSmoothness.png
  artifactKey: Guid(0b9d8cf1aa79e78418b8fb277a03cef5) Importer(815301076,1909f56bfc062723c751e8b465ee728b)
Start importing Assets/Art gallery Vol.8 - modern showroom/Models/Textures/tex_SM_Mannequin_2_1_MetallicSmoothness.png using Guid(0b9d8cf1aa79e78418b8fb277a03cef5) Importer(815301076,1909f56bfc062723c751e8b465ee728b)  -> (artifact id: '6c9418582c883cd3acdae6f3bfae7818') in 0.101885 seconds 
========================================================================
Received Import Request.
  Time since last request: 0.000059 seconds.
  path: Assets/Art gallery Vol.8 - modern showroom/Models/Textures/tex_SM_Mannequin_1_4_AlbedoTransparency.png
  artifactKey: Guid(c27222d27223a624693be348392d0301) Importer(815301076,1909f56bfc062723c751e8b465ee728b)
Start importing Assets/Art gallery Vol.8 - modern showroom/Models/Textures/tex_SM_Mannequin_1_4_AlbedoTransparency.png using Guid(c27222d27223a624693be348392d0301) Importer(815301076,1909f56bfc062723c751e8b465ee728b)  -> (artifact id: '8aaba82e7745019a8b24f77d99b297e4') in 0.060483 seconds 
========================================================================
Received Import Request.
  Time since last request: 0.000036 seconds.
  path: Assets/Art gallery Vol.8 - modern showroom/Models/Textures/tex_SM_Mannequin_2_1_AlbedoTransparency.png
  artifactKey: Guid(990b1597266c0f14b8ef410f60441776) Importer(815301076,1909f56bfc062723c751e8b465ee728b)
Start importing Assets/Art gallery Vol.8 - modern showroom/Models/Textures/tex_SM_Mannequin_2_1_AlbedoTransparency.png using Guid(990b1597266c0f14b8ef410f60441776) Importer(815301076,1909f56bfc062723c751e8b465ee728b)  -> (artifact id: '77176c7a7c52d5a718ef1655b9cd1f55') in 0.061337 seconds 
========================================================================
Received Import Request.
  Time since last request: 0.000043 seconds.
  path: Assets/Art gallery Vol.8 - modern showroom/Models/Textures/tex_M_Mannequin_3_3_MetallicSmoothness.png
  artifactKey: Guid(ef9ef263c93cc5245b32d1e22b91543d) Importer(815301076,1909f56bfc062723c751e8b465ee728b)
Start importing Assets/Art gallery Vol.8 - modern showroom/Models/Textures/tex_M_Mannequin_3_3_MetallicSmoothness.png using Guid(ef9ef263c93cc5245b32d1e22b91543d) Importer(815301076,1909f56bfc062723c751e8b465ee728b)  -> (artifact id: '6c8e9727591935bb940a270b6828e345') in 0.094392 seconds 
========================================================================
Received Import Request.
  Time since last request: 0.000041 seconds.
  path: Assets/Art gallery Vol.8 - modern showroom/Models/Textures/tex_SM_Mannequin_1_2_MetallicSmoothness.png
  artifactKey: Guid(2fc1f2b9eed6f09429b8679cbdf09ac3) Importer(815301076,1909f56bfc062723c751e8b465ee728b)
Start importing Assets/Art gallery Vol.8 - modern showroom/Models/Textures/tex_SM_Mannequin_1_2_MetallicSmoothness.png using Guid(2fc1f2b9eed6f09429b8679cbdf09ac3) Importer(815301076,1909f56bfc062723c751e8b465ee728b)  -> (artifact id: 'c89b7f4e823fbc8f8280c7bee227734c') in 0.085962 seconds 
========================================================================
Received Import Request.
  Time since last request: 0.000041 seconds.
  path: Assets/Art gallery Vol.8 - modern showroom/Models/Textures/tex_SM_Mannequin_1_3_Normal.png
  artifactKey: Guid(b18c23e1969115a43a9e3658533c25e0) Importer(815301076,1909f56bfc062723c751e8b465ee728b)
Start importing Assets/Art gallery Vol.8 - modern showroom/Models/Textures/tex_SM_Mannequin_1_3_Normal.png using Guid(b18c23e1969115a43a9e3658533c25e0) Importer(815301076,1909f56bfc062723c751e8b465ee728b)  -> (artifact id: '1ffd17d2c9f856784817c18810f895c8') in 0.103306 seconds 
========================================================================
Received Import Request.
  Time since last request: 1581.700891 seconds.
  path: Assets
  artifactKey: Guid(00000000000000001000000000000000) Importer(815301076,1909f56bfc062723c751e8b465ee728b)
Start importing Assets using Guid(00000000000000001000000000000000) Importer(815301076,1909f56bfc062723c751e8b465ee728b)  -> (artifact id: '79842766b460edbeab6a34051e857a80') in 0.017150 seconds 
========================================================================
Received Prepare
Registering precompiled user dll's ...
Registered in 0.023439 seconds.
Begin MonoManager ReloadAssembly
Symbol file LoadedFromMemory doesn't match image C:\Users\User\Desktop\UPPURLPE\UPPURPLE\Library\PackageCache\com.unity.visualscripting@1.7.8\Editor\VisualScripting.Core\Dependencies\YamlDotNet\Unity.VisualScripting.YamlDotNet.dll
Symbol file LoadedFromMemory doesn't match image C:\Users\User\Desktop\UPPURLPE\UPPURPLE\Library\PackageCache\com.unity.visualscripting@1.7.8\Editor\VisualScripting.Core\Dependencies\DotNetZip\Unity.VisualScripting.IonicZip.dll
Native extension for WindowsStandalone target not found
Native extension for Android target not found
Refreshing native plugins compatible for Editor in 1.38 ms, found 3 plugins.
Preloading 0 native plugins for Editor in 0.00 ms.
Mono: successfully reloaded assembly
- Completed reload, in  3.600 seconds
Domain Reload Profiling:
	ReloadAssembly (3602ms)
		BeginReloadAssembly (462ms)
			ExecutionOrderSort (0ms)
			DisableScriptedObjects (22ms)
			BackupInstance (0ms)
			ReleaseScriptingObjects (0ms)
			CreateAndSetChildDomain (113ms)
		EndReloadAssembly (2757ms)
			LoadAssemblies (312ms)
			RebuildTransferFunctionScriptingTraits (0ms)
			SetupTypeCache (978ms)
			ReleaseScriptCaches (4ms)
			RebuildScriptCaches (155ms)
			SetupLoadedEditorAssemblies (1171ms)
				LogAssemblyErrors (0ms)
				InitializePlatformSupportModulesInManaged (79ms)
				SetLoadedEditorAssemblies (1ms)
				RefreshPlugins (2ms)
				BeforeProcessingInitializeOnLoad (250ms)
				ProcessInitializeOnLoadAttributes (734ms)
				ProcessInitializeOnLoadMethodAttributes (78ms)
				AfterProcessingInitializeOnLoad (25ms)
				EditorAssembliesLoaded (1ms)
			ExecutionOrderSort2 (0ms)
			AwakeInstancesAfterBackupRestoration (17ms)
Platform modules already initialized, skipping
Refreshing native plugins compatible for Editor in 5.33 ms, found 3 plugins.
Preloading 0 native plugins for Editor in 0.00 ms.
Unloading 3357 Unused Serialized files (Serialized files now loaded: 0)
Unloading 20 unused Assets / (80.7 KB). Loaded Objects now: 3851.
Memory consumption went from 141.7 MB to 141.6 MB.
Total: 7.739100 ms (FindLiveObjects: 0.466700 ms CreateObjectMapping: 0.232200 ms MarkObjects: 6.834900 ms  DeleteObjects: 0.203100 ms)

AssetImportParameters requested are different than current active one (requested -> active):
  custom:video-decoder-ogg-theora: a1e56fd34408186e4bbccfd4996cb3dc -> 
  custom:container-muxer-webm: aa71ff27fc2769a1b78a27578f13a17b -> 
  custom:container-demuxer-webm: 4f35f7cbe854078d1ac9338744f61a02 -> 
  custom:video-encoder-webm-vp8: eb34c28f22e8b96e1ab97ce403110664 -> 
  custom:video-codec-MediaFoundation-h265: 746d11721c4dcdbdad8f713fa42b33f4 -> 
  custom:audio-encoder-webm-vorbis: bf7c407c2cedff20999df2af8eb42d56 -> 
  custom:framework-win-MediaFoundation: 216162199b28c13a410421893ffa2e32 -> 
  custom:container-demuxer-ogg: 62fdf1f143b41e24485cea50d1cbac27 -> 
  custom:video-decoder-webm-vp8: 9c59270c3fd7afecdb556c50c9e8de78 -> 
  custom:audio-decoder-ogg-vorbis: bf7c407c2cedff20999df2af8eb42d56 -> 
========================================================================
Received Import Request.
  Time since last request: 85.853558 seconds.
  path: Assets/NeonShapes
  artifactKey: Guid(4d1a91c3a607774469326ff10d069a33) Importer(815301076,1909f56bfc062723c751e8b465ee728b)
Start importing Assets/NeonShapes using Guid(4d1a91c3a607774469326ff10d069a33) Importer(815301076,1909f56bfc062723c751e8b465ee728b)  -> (artifact id: '043a4beffa17c936c973461e1338e1b5') in 0.020600 seconds 
========================================================================
Received Import Request.
  Time since last request: 0.039017 seconds.
  path: Assets/NeonShapes/BlueBlast.prefab
  artifactKey: Guid(516274d5b999df747b6389ccc2de9ded) Importer(815301076,1909f56bfc062723c751e8b465ee728b)
Start importing Assets/NeonShapes/BlueBlast.prefab using Guid(516274d5b999df747b6389ccc2de9ded) Importer(815301076,1909f56bfc062723c751e8b465ee728b)  -> (artifact id: '58c1336800d19028ad3aa0b6a79c8ba3') in 0.309304 seconds 
========================================================================
Received Import Request.
  Time since last request: 0.000059 seconds.
  path: Assets/NeonShapes/NeonBlueCircle.prefab
  artifactKey: Guid(abd7df1f756577f4bba76933969e9445) Importer(815301076,1909f56bfc062723c751e8b465ee728b)
Start importing Assets/NeonShapes/NeonBlueCircle.prefab using Guid(abd7df1f756577f4bba76933969e9445) Importer(815301076,1909f56bfc062723c751e8b465ee728b)  -> (artifact id: '3f71e00c5dda95c51924ce396f61fe4b') in 0.024624 seconds 
========================================================================
Received Import Request.
  Time since last request: 0.000083 seconds.
  path: Assets/NeonShapes/NeonBlueSquare.prefab
  artifactKey: Guid(d56359fb7f8f24f43b7d3a230500f2fd) Importer(815301076,1909f56bfc062723c751e8b465ee728b)
Start importing Assets/NeonShapes/NeonBlueSquare.prefab using Guid(d56359fb7f8f24f43b7d3a230500f2fd) Importer(815301076,1909f56bfc062723c751e8b465ee728b)  -> (artifact id: '2f203cf794f4f522a0503a9d0ba450ef') in 0.023236 seconds 
========================================================================
Received Import Request.
  Time since last request: 0.000046 seconds.
  path: Assets/NeonShapes/NeonRedCircle.prefab
  artifactKey: Guid(94edf104f1ebf6845b33cd812afef29f) Importer(815301076,1909f56bfc062723c751e8b465ee728b)
Start importing Assets/NeonShapes/NeonRedCircle.prefab using Guid(94edf104f1ebf6845b33cd812afef29f) Importer(815301076,1909f56bfc062723c751e8b465ee728b)  -> (artifact id: '0d19088b291d4e7b5fc4654599db1ea3') in 0.015688 seconds 
========================================================================
Received Import Request.
  Time since last request: 42.288831 seconds.
  path: Assets/NeonShapes/SelfDestroyScript.cs
  artifactKey: Guid(5e15ce996b6e46a4eb6081d87f7363c6) Importer(815301076,1909f56bfc062723c751e8b465ee728b)
Start importing Assets/NeonShapes/SelfDestroyScript.cs using Guid(5e15ce996b6e46a4eb6081d87f7363c6) Importer(815301076,1909f56bfc062723c751e8b465ee728b)  -> (artifact id: 'fc632b1d0e306d74367570f877cff668') in 0.046747 seconds 
========================================================================
Received Import Request.
  Time since last request: 4.425844 seconds.
  path: Assets/NeonShapes/PNG
  artifactKey: Guid(d26f534d5b348e243b2897b01cce6d67) Importer(815301076,1909f56bfc062723c751e8b465ee728b)
Start importing Assets/NeonShapes/PNG using Guid(d26f534d5b348e243b2897b01cce6d67) Importer(815301076,1909f56bfc062723c751e8b465ee728b)  -> (artifact id: '533522d764b9c17bcbd17bd294a61aa5') in 0.013220 seconds 
========================================================================
Received Import Request.
  Time since last request: 0.046605 seconds.
  path: Assets/NeonShapes/PNG/BlueCircle.png
  artifactKey: Guid(f743ae65363a58b4bb63d471b4978b1a) Importer(815301076,1909f56bfc062723c751e8b465ee728b)
Start importing Assets/NeonShapes/PNG/BlueCircle.png using Guid(f743ae65363a58b4bb63d471b4978b1a) Importer(815301076,1909f56bfc062723c751e8b465ee728b)  -> (artifact id: '24fcc7351b61d547757de493903c4b38') in 0.166218 seconds 
========================================================================
Received Import Request.
  Time since last request: 0.000053 seconds.
  path: Assets/NeonShapes/PNG/GreenSquare.png
  artifactKey: Guid(0ba6eacafb5789b4b93c7a75aaeca5e2) Importer(815301076,1909f56bfc062723c751e8b465ee728b)
Start importing Assets/NeonShapes/PNG/GreenSquare.png using Guid(0ba6eacafb5789b4b93c7a75aaeca5e2) Importer(815301076,1909f56bfc062723c751e8b465ee728b)  -> (artifact id: '02b6cfb956734248991c238699d9a986') in 0.085883 seconds 
========================================================================
Received Import Request.
  Time since last request: 0.000089 seconds.
  path: Assets/NeonShapes/PNG/RedSquare.png
  artifactKey: Guid(b2353d2543ffecb46ac5f9ff4c022bd5) Importer(815301076,1909f56bfc062723c751e8b465ee728b)
Start importing Assets/NeonShapes/PNG/RedSquare.png using Guid(b2353d2543ffecb46ac5f9ff4c022bd5) Importer(815301076,1909f56bfc062723c751e8b465ee728b)  -> (artifact id: '51c7ccfbda7c11f64f59e19066ac34e3') in 0.089783 seconds 
========================================================================
Received Prepare
Registering precompiled user dll's ...
Registered in 0.018444 seconds.
Begin MonoManager ReloadAssembly
Symbol file LoadedFromMemory doesn't match image C:\Users\User\Desktop\UPPURLPE\UPPURPLE\Library\PackageCache\com.unity.visualscripting@1.7.8\Editor\VisualScripting.Core\Dependencies\YamlDotNet\Unity.VisualScripting.YamlDotNet.dll
Symbol file LoadedFromMemory doesn't match image C:\Users\User\Desktop\UPPURLPE\UPPURPLE\Library\PackageCache\com.unity.visualscripting@1.7.8\Editor\VisualScripting.Core\Dependencies\DotNetZip\Unity.VisualScripting.IonicZip.dll
Native extension for WindowsStandalone target not found
Native extension for Android target not found
Refreshing native plugins compatible for Editor in 1.33 ms, found 3 plugins.
Preloading 0 native plugins for Editor in 0.00 ms.
Mono: successfully reloaded assembly
- Completed reload, in  3.576 seconds
Domain Reload Profiling:
	ReloadAssembly (3578ms)
		BeginReloadAssembly (418ms)
			ExecutionOrderSort (0ms)
			DisableScriptedObjects (15ms)
			BackupInstance (0ms)
			ReleaseScriptingObjects (0ms)
			CreateAndSetChildDomain (104ms)
		EndReloadAssembly (2768ms)
			LoadAssemblies (282ms)
			RebuildTransferFunctionScriptingTraits (0ms)
			SetupTypeCache (992ms)
			ReleaseScriptCaches (5ms)
			RebuildScriptCaches (143ms)
			SetupLoadedEditorAssemblies (1195ms)
				LogAssemblyErrors (0ms)
				InitializePlatformSupportModulesInManaged (73ms)
				SetLoadedEditorAssemblies (1ms)
				RefreshPlugins (2ms)
				BeforeProcessingInitializeOnLoad (237ms)
				ProcessInitializeOnLoadAttributes (759ms)
				ProcessInitializeOnLoadMethodAttributes (82ms)
				AfterProcessingInitializeOnLoad (40ms)
				EditorAssembliesLoaded (1ms)
			ExecutionOrderSort2 (0ms)
			AwakeInstancesAfterBackupRestoration (23ms)
Platform modules already initialized, skipping
Refreshing native plugins compatible for Editor in 6.07 ms, found 3 plugins.
Preloading 0 native plugins for Editor in 0.00 ms.
Unloading 3356 Unused Serialized files (Serialized files now loaded: 0)
Unloading 23 unused Assets / (81.7 KB). Loaded Objects now: 3864.
Memory consumption went from 141.9 MB to 141.8 MB.
Total: 6.851100 ms (FindLiveObjects: 0.542100 ms CreateObjectMapping: 0.264200 ms MarkObjects: 5.828500 ms  DeleteObjects: 0.214000 ms)

AssetImportParameters requested are different than current active one (requested -> active):
  custom:video-decoder-ogg-theora: a1e56fd34408186e4bbccfd4996cb3dc -> 
  custom:container-muxer-webm: aa71ff27fc2769a1b78a27578f13a17b -> 
  custom:container-demuxer-webm: 4f35f7cbe854078d1ac9338744f61a02 -> 
  custom:video-encoder-webm-vp8: eb34c28f22e8b96e1ab97ce403110664 -> 
  custom:video-codec-MediaFoundation-h265: 746d11721c4dcdbdad8f713fa42b33f4 -> 
  custom:audio-encoder-webm-vorbis: bf7c407c2cedff20999df2af8eb42d56 -> 
  custom:framework-win-MediaFoundation: 216162199b28c13a410421893ffa2e32 -> 
  custom:container-demuxer-ogg: 62fdf1f143b41e24485cea50d1cbac27 -> 
  custom:video-decoder-webm-vp8: 9c59270c3fd7afecdb556c50c9e8de78 -> 
  custom:audio-decoder-ogg-vorbis: bf7c407c2cedff20999df2af8eb42d56 -> 
========================================================================
Received Prepare
Registering precompiled user dll's ...
Registered in 0.026166 seconds.
Begin MonoManager ReloadAssembly
Symbol file LoadedFromMemory doesn't match image C:\Users\User\Desktop\UPPURLPE\UPPURPLE\Library\PackageCache\com.unity.visualscripting@1.7.8\Editor\VisualScripting.Core\Dependencies\YamlDotNet\Unity.VisualScripting.YamlDotNet.dll
Symbol file LoadedFromMemory doesn't match image C:\Users\User\Desktop\UPPURLPE\UPPURPLE\Library\PackageCache\com.unity.visualscripting@1.7.8\Editor\VisualScripting.Core\Dependencies\DotNetZip\Unity.VisualScripting.IonicZip.dll
Native extension for WindowsStandalone target not found
Native extension for Android target not found
Refreshing native plugins compatible for Editor in 1.48 ms, found 3 plugins.
Preloading 0 native plugins for Editor in 0.00 ms.
Mono: successfully reloaded assembly
- Completed reload, in  3.851 seconds
Domain Reload Profiling:
	ReloadAssembly (3853ms)
		BeginReloadAssembly (442ms)
			ExecutionOrderSort (0ms)
			DisableScriptedObjects (21ms)
			BackupInstance (0ms)
			ReleaseScriptingObjects (0ms)
			CreateAndSetChildDomain (105ms)
		EndReloadAssembly (3012ms)
			LoadAssemblies (294ms)
			RebuildTransferFunctionScriptingTraits (0ms)
			SetupTypeCache (1149ms)
			ReleaseScriptCaches (3ms)
			RebuildScriptCaches (166ms)
			SetupLoadedEditorAssemblies (1229ms)
				LogAssemblyErrors (0ms)
				InitializePlatformSupportModulesInManaged (83ms)
				SetLoadedEditorAssemblies (1ms)
				RefreshPlugins (2ms)
				BeforeProcessingInitializeOnLoad (279ms)
				ProcessInitializeOnLoadAttributes (747ms)
				ProcessInitializeOnLoadMethodAttributes (87ms)
				AfterProcessingInitializeOnLoad (28ms)
				EditorAssembliesLoaded (1ms)
			ExecutionOrderSort2 (0ms)
			AwakeInstancesAfterBackupRestoration (23ms)
Platform modules already initialized, skipping
Refreshing native plugins compatible for Editor in 4.82 ms, found 3 plugins.
Preloading 0 native plugins for Editor in 0.00 ms.
Unloading 3357 Unused Serialized files (Serialized files now loaded: 0)
Unloading 20 unused Assets / (80.8 KB). Loaded Objects now: 3868.
Memory consumption went from 141.8 MB to 141.7 MB.
Total: 7.875100 ms (FindLiveObjects: 0.473500 ms CreateObjectMapping: 0.236300 ms MarkObjects: 6.948900 ms  DeleteObjects: 0.214300 ms)

AssetImportParameters requested are different than current active one (requested -> active):
  custom:video-decoder-ogg-theora: a1e56fd34408186e4bbccfd4996cb3dc -> 
  custom:container-muxer-webm: aa71ff27fc2769a1b78a27578f13a17b -> 
  custom:container-demuxer-webm: 4f35f7cbe854078d1ac9338744f61a02 -> 
  custom:video-encoder-webm-vp8: eb34c28f22e8b96e1ab97ce403110664 -> 
  custom:video-codec-MediaFoundation-h265: 746d11721c4dcdbdad8f713fa42b33f4 -> 
  custom:audio-encoder-webm-vorbis: bf7c407c2cedff20999df2af8eb42d56 -> 
  custom:framework-win-MediaFoundation: 216162199b28c13a410421893ffa2e32 -> 
  custom:container-demuxer-ogg: 62fdf1f143b41e24485cea50d1cbac27 -> 
  custom:video-decoder-webm-vp8: 9c59270c3fd7afecdb556c50c9e8de78 -> 
  custom:audio-decoder-ogg-vorbis: bf7c407c2cedff20999df2af8eb42d56 -> 
========================================================================
Received Import Request.
  Time since last request: 2226.637900 seconds.
  path: Assets/NeonShapes/NeonBlueCircle.prefab
  artifactKey: Guid(abd7df1f756577f4bba76933969e9445) Importer(815301076,1909f56bfc062723c751e8b465ee728b)
Start importing Assets/NeonShapes/NeonBlueCircle.prefab using Guid(abd7df1f756577f4bba76933969e9445) Importer(815301076,1909f56bfc062723c751e8b465ee728b)  -> (artifact id: 'd00334d80938621eac386c2468192257') in 0.221533 seconds 
========================================================================
Received Import Request.
  Time since last request: 0.741349 seconds.
  path: Assets/NeonShapes/NeonBlueCircle.prefab
  artifactKey: Guid(abd7df1f756577f4bba76933969e9445) Importer(815301076,1909f56bfc062723c751e8b465ee728b)
Start importing Assets/NeonShapes/NeonBlueCircle.prefab using Guid(abd7df1f756577f4bba76933969e9445) Importer(815301076,1909f56bfc062723c751e8b465ee728b)  -> (artifact id: '9845b9efc1acc55ce46d23a8441e7045') in 0.024104 seconds 
========================================================================
Received Import Request.
  Time since last request: 0.593507 seconds.
  path: Assets/NeonShapes/NeonBlueCircle.prefab
  artifactKey: Guid(abd7df1f756577f4bba76933969e9445) Importer(815301076,1909f56bfc062723c751e8b465ee728b)
Start importing Assets/NeonShapes/NeonBlueCircle.prefab using Guid(abd7df1f756577f4bba76933969e9445) Importer(815301076,1909f56bfc062723c751e8b465ee728b)  -> (artifact id: 'fd0dfd0026f5eeb566a850021f7522dc') in 0.020446 seconds 
========================================================================
Received Import Request.
  Time since last request: 0.351875 seconds.
  path: Assets/NeonShapes/NeonBlueCircle.prefab
  artifactKey: Guid(abd7df1f756577f4bba76933969e9445) Importer(815301076,1909f56bfc062723c751e8b465ee728b)
Start importing Assets/NeonShapes/NeonBlueCircle.prefab using Guid(abd7df1f756577f4bba76933969e9445) Importer(815301076,1909f56bfc062723c751e8b465ee728b)  -> (artifact id: '469d1362c284544c36b6b880b8a20de8') in 0.032011 seconds 
========================================================================
Received Import Request.
  Time since last request: 14.104715 seconds.
  path: Assets/NeonShapes/NeonBlueCircle.prefab
  artifactKey: Guid(abd7df1f756577f4bba76933969e9445) Importer(815301076,1909f56bfc062723c751e8b465ee728b)
Start importing Assets/NeonShapes/NeonBlueCircle.prefab using Guid(abd7df1f756577f4bba76933969e9445) Importer(815301076,1909f56bfc062723c751e8b465ee728b)  -> (artifact id: 'db09ca4e80864c8d9aeb0f4ce33621c5') in 0.024080 seconds 
========================================================================
Received Prepare
Registering precompiled user dll's ...
Registered in 0.025966 seconds.
Begin MonoManager ReloadAssembly
Symbol file LoadedFromMemory doesn't match image C:\Users\User\Desktop\UPPURLPE\UPPURPLE\Library\PackageCache\com.unity.visualscripting@1.7.8\Editor\VisualScripting.Core\Dependencies\YamlDotNet\Unity.VisualScripting.YamlDotNet.dll
Symbol file LoadedFromMemory doesn't match image C:\Users\User\Desktop\UPPURLPE\UPPURPLE\Library\PackageCache\com.unity.visualscripting@1.7.8\Editor\VisualScripting.Core\Dependencies\DotNetZip\Unity.VisualScripting.IonicZip.dll
Native extension for WindowsStandalone target not found
Native extension for Android target not found
Refreshing native plugins compatible for Editor in 1.24 ms, found 3 plugins.
Preloading 0 native plugins for Editor in 0.00 ms.
Mono: successfully reloaded assembly
- Completed reload, in  3.028 seconds
Domain Reload Profiling:
	ReloadAssembly (3031ms)
		BeginReloadAssembly (379ms)
			ExecutionOrderSort (0ms)
			DisableScriptedObjects (15ms)
			BackupInstance (0ms)
			ReleaseScriptingObjects (0ms)
			CreateAndSetChildDomain (108ms)
		EndReloadAssembly (2316ms)
			LoadAssemblies (236ms)
			RebuildTransferFunctionScriptingTraits (0ms)
			SetupTypeCache (821ms)
			ReleaseScriptCaches (3ms)
			RebuildScriptCaches (131ms)
			SetupLoadedEditorAssemblies (996ms)
				LogAssemblyErrors (0ms)
				InitializePlatformSupportModulesInManaged (70ms)
				SetLoadedEditorAssemblies (1ms)
				RefreshPlugins (1ms)
				BeforeProcessingInitializeOnLoad (208ms)
				ProcessInitializeOnLoadAttributes (619ms)
				ProcessInitializeOnLoadMethodAttributes (72ms)
				AfterProcessingInitializeOnLoad (24ms)
				EditorAssembliesLoaded (1ms)
			ExecutionOrderSort2 (0ms)
			AwakeInstancesAfterBackupRestoration (16ms)
Platform modules already initialized, skipping
Refreshing native plugins compatible for Editor in 6.84 ms, found 3 plugins.
Preloading 0 native plugins for Editor in 0.00 ms.
Unloading 3357 Unused Serialized files (Serialized files now loaded: 0)
Unloading 20 unused Assets / (80.7 KB). Loaded Objects now: 3871.
Memory consumption went from 141.8 MB to 141.7 MB.
Total: 8.522800 ms (FindLiveObjects: 0.455400 ms CreateObjectMapping: 0.228300 ms MarkObjects: 7.676600 ms  DeleteObjects: 0.160400 ms)

AssetImportParameters requested are different than current active one (requested -> active):
  custom:video-decoder-ogg-theora: a1e56fd34408186e4bbccfd4996cb3dc -> 
  custom:container-muxer-webm: aa71ff27fc2769a1b78a27578f13a17b -> 
  custom:container-demuxer-webm: 4f35f7cbe854078d1ac9338744f61a02 -> 
  custom:video-encoder-webm-vp8: eb34c28f22e8b96e1ab97ce403110664 -> 
  custom:video-codec-MediaFoundation-h265: 746d11721c4dcdbdad8f713fa42b33f4 -> 
  custom:audio-encoder-webm-vorbis: bf7c407c2cedff20999df2af8eb42d56 -> 
  custom:framework-win-MediaFoundation: 216162199b28c13a410421893ffa2e32 -> 
  custom:container-demuxer-ogg: 62fdf1f143b41e24485cea50d1cbac27 -> 
  custom:video-decoder-webm-vp8: 9c59270c3fd7afecdb556c50c9e8de78 -> 
  custom:audio-decoder-ogg-vorbis: bf7c407c2cedff20999df2af8eb42d56 -> 
========================================================================
Received Prepare
Registering precompiled user dll's ...
Registered in 0.023687 seconds.
Begin MonoManager ReloadAssembly
Symbol file LoadedFromMemory doesn't match image C:\Users\User\Desktop\UPPURLPE\UPPURPLE\Library\PackageCache\com.unity.visualscripting@1.7.8\Editor\VisualScripting.Core\Dependencies\YamlDotNet\Unity.VisualScripting.YamlDotNet.dll
Symbol file LoadedFromMemory doesn't match image C:\Users\User\Desktop\UPPURLPE\UPPURPLE\Library\PackageCache\com.unity.visualscripting@1.7.8\Editor\VisualScripting.Core\Dependencies\DotNetZip\Unity.VisualScripting.IonicZip.dll
Native extension for WindowsStandalone target not found
Native extension for Android target not found
Refreshing native plugins compatible for Editor in 1.40 ms, found 3 plugins.
Preloading 0 native plugins for Editor in 0.00 ms.
Mono: successfully reloaded assembly
- Completed reload, in  3.641 seconds
Domain Reload Profiling:
	ReloadAssembly (3643ms)
		BeginReloadAssembly (438ms)
			ExecutionOrderSort (0ms)
			DisableScriptedObjects (20ms)
			BackupInstance (0ms)
			ReleaseScriptingObjects (0ms)
			CreateAndSetChildDomain (98ms)
		EndReloadAssembly (2817ms)
			LoadAssemblies (314ms)
			RebuildTransferFunctionScriptingTraits (0ms)
			SetupTypeCache (1072ms)
			ReleaseScriptCaches (4ms)
			RebuildScriptCaches (130ms)
			SetupLoadedEditorAssemblies (1200ms)
				LogAssemblyErrors (0ms)
				InitializePlatformSupportModulesInManaged (91ms)
				SetLoadedEditorAssemblies (2ms)
				RefreshPlugins (2ms)
				BeforeProcessingInitializeOnLoad (263ms)
				ProcessInitializeOnLoadAttributes (731ms)
				ProcessInitializeOnLoadMethodAttributes (79ms)
				AfterProcessingInitializeOnLoad (32ms)
				EditorAssembliesLoaded (1ms)
			ExecutionOrderSort2 (0ms)
			AwakeInstancesAfterBackupRestoration (23ms)
Platform modules already initialized, skipping
Refreshing native plugins compatible for Editor in 7.80 ms, found 3 plugins.
Preloading 0 native plugins for Editor in 0.00 ms.
Unloading 3356 Unused Serialized files (Serialized files now loaded: 0)
Unloading 21 unused Assets / (80.8 KB). Loaded Objects now: 3873.
Memory consumption went from 141.9 MB to 141.8 MB.
Total: 6.385900 ms (FindLiveObjects: 0.497800 ms CreateObjectMapping: 0.212000 ms MarkObjects: 5.532900 ms  DeleteObjects: 0.139900 ms)

AssetImportParameters requested are different than current active one (requested -> active):
  custom:video-decoder-ogg-theora: a1e56fd34408186e4bbccfd4996cb3dc -> 
  custom:container-muxer-webm: aa71ff27fc2769a1b78a27578f13a17b -> 
  custom:container-demuxer-webm: 4f35f7cbe854078d1ac9338744f61a02 -> 
  custom:video-encoder-webm-vp8: eb34c28f22e8b96e1ab97ce403110664 -> 
  custom:video-codec-MediaFoundation-h265: 746d11721c4dcdbdad8f713fa42b33f4 -> 
  custom:audio-encoder-webm-vorbis: bf7c407c2cedff20999df2af8eb42d56 -> 
  custom:framework-win-MediaFoundation: 216162199b28c13a410421893ffa2e32 -> 
  custom:container-demuxer-ogg: 62fdf1f143b41e24485cea50d1cbac27 -> 
  custom:video-decoder-webm-vp8: 9c59270c3fd7afecdb556c50c9e8de78 -> 
  custom:audio-decoder-ogg-vorbis: bf7c407c2cedff20999df2af8eb42d56 -> 
========================================================================
Received Prepare
Registering precompiled user dll's ...
Registered in 0.022846 seconds.
Begin MonoManager ReloadAssembly
Symbol file LoadedFromMemory doesn't match image C:\Users\User\Desktop\UPPURLPE\UPPURPLE\Library\PackageCache\com.unity.visualscripting@1.7.8\Editor\VisualScripting.Core\Dependencies\YamlDotNet\Unity.VisualScripting.YamlDotNet.dll
Symbol file LoadedFromMemory doesn't match image C:\Users\User\Desktop\UPPURLPE\UPPURPLE\Library\PackageCache\com.unity.visualscripting@1.7.8\Editor\VisualScripting.Core\Dependencies\DotNetZip\Unity.VisualScripting.IonicZip.dll
Native extension for WindowsStandalone target not found
Native extension for Android target not found
Refreshing native plugins compatible for Editor in 2.14 ms, found 3 plugins.
Preloading 0 native plugins for Editor in 0.00 ms.
Mono: successfully reloaded assembly
- Completed reload, in  3.785 seconds
Domain Reload Profiling:
	ReloadAssembly (3787ms)
		BeginReloadAssembly (486ms)
			ExecutionOrderSort (0ms)
			DisableScriptedObjects (20ms)
			BackupInstance (0ms)
			ReleaseScriptingObjects (0ms)
			CreateAndSetChildDomain (127ms)
		EndReloadAssembly (2884ms)
			LoadAssemblies (305ms)
			RebuildTransferFunctionScriptingTraits (0ms)
			SetupTypeCache (1119ms)
			ReleaseScriptCaches (5ms)
			RebuildScriptCaches (154ms)
			SetupLoadedEditorAssemblies (1141ms)
				LogAssemblyErrors (0ms)
				InitializePlatformSupportModulesInManaged (86ms)
				SetLoadedEditorAssemblies (2ms)
				RefreshPlugins (2ms)
				BeforeProcessingInitializeOnLoad (280ms)
				ProcessInitializeOnLoadAttributes (666ms)
				ProcessInitializeOnLoadMethodAttributes (82ms)
				AfterProcessingInitializeOnLoad (22ms)
				EditorAssembliesLoaded (0ms)
			ExecutionOrderSort2 (0ms)
			AwakeInstancesAfterBackupRestoration (20ms)
Platform modules already initialized, skipping
Refreshing native plugins compatible for Editor in 3.33 ms, found 3 plugins.
Preloading 0 native plugins for Editor in 0.00 ms.
Unloading 3359 Unused Serialized files (Serialized files now loaded: 0)
Unloading 21 unused Assets / (116.5 KB). Loaded Objects now: 3878.
Memory consumption went from 142.1 MB to 142.0 MB.
Total: 6.813400 ms (FindLiveObjects: 0.605300 ms CreateObjectMapping: 0.578000 ms MarkObjects: 5.387000 ms  DeleteObjects: 0.241000 ms)

AssetImportParameters requested are different than current active one (requested -> active):
  custom:video-decoder-ogg-theora: a1e56fd34408186e4bbccfd4996cb3dc -> 
  custom:container-muxer-webm: aa71ff27fc2769a1b78a27578f13a17b -> 
  custom:container-demuxer-webm: 4f35f7cbe854078d1ac9338744f61a02 -> 
  custom:video-encoder-webm-vp8: eb34c28f22e8b96e1ab97ce403110664 -> 
  custom:video-codec-MediaFoundation-h265: 746d11721c4dcdbdad8f713fa42b33f4 -> 
  custom:audio-encoder-webm-vorbis: bf7c407c2cedff20999df2af8eb42d56 -> 
  custom:framework-win-MediaFoundation: 216162199b28c13a410421893ffa2e32 -> 
  custom:container-demuxer-ogg: 62fdf1f143b41e24485cea50d1cbac27 -> 
  custom:video-decoder-webm-vp8: 9c59270c3fd7afecdb556c50c9e8de78 -> 
  custom:audio-decoder-ogg-vorbis: bf7c407c2cedff20999df2af8eb42d56 -> 
