Using pre-set license
Built from '2021.3/staging' branch; Version is '2021.3.16f1 (4016570cf34f) revision 4200023'; Using compiler version '192829333'; Build Type 'Release'
OS: 'Windows 10  (10.0.19044) 64bit Core' Language: 'ko' Physical Memory: 16107 MB
BatchMode: 1, IsHumanControllingUs: 0, StartBugReporterOnCrash: 0, Is64bit: 1, IsPro: 1

COMMAND LINE ARGUMENTS:
C:\Program Files\Unity\Hub\Editor\2021.3.16f1\Editor\Unity.exe
-adb2
-batchMode
-noUpm
-name
AssetImportWorker7
-projectPath
C:/Users/User/Desktop/UPPURLPE/UPPURPLE
-logFile
Logs/AssetImportWorker7.log
-srvPort
59427
Successfully changed project path to: C:/Users/User/Desktop/UPPURLPE/UPPURPLE
C:/Users/User/Desktop/UPPURLPE/UPPURPLE
[UnityMemory] Configuration Parameters - Can be set up in boot.config
    "memorysetup-bucket-allocator-granularity=16"
    "memorysetup-bucket-allocator-bucket-count=8"
    "memorysetup-bucket-allocator-block-size=33554432"
    "memorysetup-bucket-allocator-block-count=8"
    "memorysetup-main-allocator-block-size=16777216"
    "memorysetup-thread-allocator-block-size=16777216"
    "memorysetup-gfx-main-allocator-block-size=16777216"
    "memorysetup-gfx-thread-allocator-block-size=16777216"
    "memorysetup-cache-allocator-block-size=4194304"
    "memorysetup-typetree-allocator-block-size=2097152"
    "memorysetup-profiler-bucket-allocator-granularity=16"
    "memorysetup-profiler-bucket-allocator-bucket-count=8"
    "memorysetup-profiler-bucket-allocator-block-size=33554432"
    "memorysetup-profiler-bucket-allocator-block-count=8"
    "memorysetup-profiler-allocator-block-size=16777216"
    "memorysetup-profiler-editor-allocator-block-size=1048576"
    "memorysetup-temp-allocator-size-main=16777216"
    "memorysetup-job-temp-allocator-block-size=2097152"
    "memorysetup-job-temp-allocator-block-size-background=1048576"
    "memorysetup-job-temp-allocator-reduction-small-platforms=262144"
    "memorysetup-temp-allocator-size-background-worker=32768"
    "memorysetup-temp-allocator-size-job-worker=262144"
    "memorysetup-temp-allocator-size-preload-manager=33554432"
    "memorysetup-temp-allocator-size-nav-mesh-worker=65536"
    "memorysetup-temp-allocator-size-audio-worker=65536"
    "memorysetup-temp-allocator-size-cloud-worker=32768"
    "memorysetup-temp-allocator-size-gi-baking-worker=262144"
    "memorysetup-temp-allocator-size-gfx=262144"
Player connection [23356] Host "[IP] 192.168.0.4 [Port] 0 [Flags] 2 [Guid] 2770900380 [EditorId] 2770900380 [Version] 1048832 [Id] WindowsEditor(7,LAPTOP-NJ38A8SC) [Debug] 1 [PackageName] WindowsEditor [ProjectName] Editor" joined multi-casting on [225.0.0.222:54997]...

Player connection [23356] Host "[IP] 192.168.0.4 [Port] 0 [Flags] 2 [Guid] 2770900380 [EditorId] 2770900380 [Version] 1048832 [Id] WindowsEditor(7,LAPTOP-NJ38A8SC) [Debug] 1 [PackageName] WindowsEditor [ProjectName] Editor" joined alternative multi-casting on [225.0.0.222:34997]...

Refreshing native plugins compatible for Editor in 331.37 ms, found 3 plugins.
Preloading 0 native plugins for Editor in 0.00 ms.
Initialize engine version: 2021.3.16f1 (4016570cf34f)
[Subsystems] Discovering subsystems at path C:/Program Files/Unity/Hub/Editor/2021.3.16f1/Editor/Data/Resources/UnitySubsystems
[Subsystems] Discovering subsystems at path C:/Users/User/Desktop/UPPURLPE/UPPURPLE/Assets
GfxDevice: creating device client; threaded=0; jobified=0
Direct3D:
    Version:  Direct3D 11.0 [level 11.1]
    Renderer: Intel(R) Iris(R) Xe Graphics (ID=0x9a49)
    Vendor:   Intel
    VRAM:     8053 MB
    Driver:   27.20.100.9415
Initialize mono
Mono path[0] = 'C:/Program Files/Unity/Hub/Editor/2021.3.16f1/Editor/Data/Managed'
Mono path[1] = 'C:/Program Files/Unity/Hub/Editor/2021.3.16f1/Editor/Data/MonoBleedingEdge/lib/mono/unityjit-win32'
Mono config path = 'C:/Program Files/Unity/Hub/Editor/2021.3.16f1/Editor/Data/MonoBleedingEdge/etc'
Using monoOptions --debugger-agent=transport=dt_socket,embedding=1,server=y,suspend=n,address=127.0.0.1:56248
Begin MonoManager ReloadAssembly
Registering precompiled unity dll's ...
Register platform support module: C:/Program Files/Unity/Hub/Editor/2021.3.16f1/Editor/Data/PlaybackEngines/AndroidPlayer/UnityEditor.Android.Extensions.dll
Register platform support module: C:/Program Files/Unity/Hub/Editor/2021.3.16f1/Editor/Data/PlaybackEngines/WindowsStandaloneSupport/UnityEditor.WindowsStandalone.Extensions.dll
Registered in 0.023573 seconds.
Native extension for WindowsStandalone target not found
Native extension for Android target not found
Refreshing native plugins compatible for Editor in 338.11 ms, found 3 plugins.
Preloading 0 native plugins for Editor in 0.00 ms.
Mono: successfully reloaded assembly
- Completed reload, in  2.450 seconds
Domain Reload Profiling:
	ReloadAssembly (2451ms)
		BeginReloadAssembly (268ms)
			ExecutionOrderSort (0ms)
			DisableScriptedObjects (0ms)
			BackupInstance (0ms)
			ReleaseScriptingObjects (0ms)
			CreateAndSetChildDomain (2ms)
		EndReloadAssembly (1793ms)
			LoadAssemblies (261ms)
			RebuildTransferFunctionScriptingTraits (0ms)
			SetupTypeCache (452ms)
			ReleaseScriptCaches (0ms)
			RebuildScriptCaches (93ms)
			SetupLoadedEditorAssemblies (1075ms)
				LogAssemblyErrors (0ms)
				InitializePlatformSupportModulesInManaged (213ms)
				SetLoadedEditorAssemblies (0ms)
				RefreshPlugins (338ms)
				BeforeProcessingInitializeOnLoad (4ms)
				ProcessInitializeOnLoadAttributes (352ms)
				ProcessInitializeOnLoadMethodAttributes (167ms)
				AfterProcessingInitializeOnLoad (0ms)
				EditorAssembliesLoaded (0ms)
			ExecutionOrderSort2 (0ms)
			AwakeInstancesAfterBackupRestoration (0ms)
Platform modules already initialized, skipping
Registering precompiled user dll's ...
Registered in 0.021165 seconds.
Begin MonoManager ReloadAssembly
Symbol file LoadedFromMemory doesn't match image C:\Users\User\Desktop\UPPURLPE\UPPURPLE\Library\PackageCache\com.unity.visualscripting@1.7.8\Editor\VisualScripting.Core\Dependencies\YamlDotNet\Unity.VisualScripting.YamlDotNet.dll
Symbol file LoadedFromMemory doesn't match image C:\Users\User\Desktop\UPPURLPE\UPPURPLE\Library\PackageCache\com.unity.visualscripting@1.7.8\Editor\VisualScripting.Core\Dependencies\DotNetZip\Unity.VisualScripting.IonicZip.dll
Native extension for WindowsStandalone target not found
Native extension for Android target not found
Refreshing native plugins compatible for Editor in 1.78 ms, found 3 plugins.
Preloading 0 native plugins for Editor in 0.00 ms.
Mono: successfully reloaded assembly
- Completed reload, in 17.931 seconds
Domain Reload Profiling:
	ReloadAssembly (17933ms)
		BeginReloadAssembly (536ms)
			ExecutionOrderSort (0ms)
			DisableScriptedObjects (20ms)
			BackupInstance (0ms)
			ReleaseScriptingObjects (0ms)
			CreateAndSetChildDomain (193ms)
		EndReloadAssembly (16937ms)
			LoadAssemblies (9377ms)
			RebuildTransferFunctionScriptingTraits (0ms)
			SetupTypeCache (2794ms)
			ReleaseScriptCaches (2ms)
			RebuildScriptCaches (200ms)
			SetupLoadedEditorAssemblies (4377ms)
				LogAssemblyErrors (0ms)
				InitializePlatformSupportModulesInManaged (63ms)
				SetLoadedEditorAssemblies (2ms)
				RefreshPlugins (2ms)
				BeforeProcessingInitializeOnLoad (342ms)
				ProcessInitializeOnLoadAttributes (934ms)
				ProcessInitializeOnLoadMethodAttributes (3000ms)
				AfterProcessingInitializeOnLoad (33ms)
				EditorAssembliesLoaded (1ms)
			ExecutionOrderSort2 (0ms)
			AwakeInstancesAfterBackupRestoration (18ms)
Platform modules already initialized, skipping
========================================================================
Worker process is ready to serve import requests
Launched and connected shader compiler UnityShaderCompiler.exe after 0.25 seconds
Refreshing native plugins compatible for Editor in 0.52 ms, found 3 plugins.
Preloading 0 native plugins for Editor in 0.00 ms.
Unloading 3361 Unused Serialized files (Serialized files now loaded: 0)
Unloading 27 unused Assets / (113.9 KB). Loaded Objects now: 3841.
Memory consumption went from 137.3 MB to 137.2 MB.
Total: 3.239500 ms (FindLiveObjects: 0.249400 ms CreateObjectMapping: 0.097900 ms MarkObjects: 2.664800 ms  DeleteObjects: 0.212600 ms)

AssetImportParameters requested are different than current active one (requested -> active):
  custom:video-decoder-ogg-theora: a1e56fd34408186e4bbccfd4996cb3dc -> 
  custom:container-muxer-webm: aa71ff27fc2769a1b78a27578f13a17b -> 
  custom:container-demuxer-webm: 4f35f7cbe854078d1ac9338744f61a02 -> 
  custom:video-encoder-webm-vp8: eb34c28f22e8b96e1ab97ce403110664 -> 
  custom:video-codec-MediaFoundation-h265: 746d11721c4dcdbdad8f713fa42b33f4 -> 
  custom:audio-encoder-webm-vorbis: bf7c407c2cedff20999df2af8eb42d56 -> 
  custom:framework-win-MediaFoundation: 216162199b28c13a410421893ffa2e32 -> 
  custom:container-demuxer-ogg: 62fdf1f143b41e24485cea50d1cbac27 -> 
  custom:video-decoder-webm-vp8: 9c59270c3fd7afecdb556c50c9e8de78 -> 
  custom:audio-decoder-ogg-vorbis: bf7c407c2cedff20999df2af8eb42d56 -> 
========================================================================
Received Import Request.
  Time since last request: 118614.954945 seconds.
  path: Assets/Art gallery Vol.8 - modern showroom/Models/Textures/tex_SM_Mannequin_1_3_AlbedoTransparency.png
  artifactKey: Guid(c96df663a88ab5c4288428281042d538) Importer(815301076,1909f56bfc062723c751e8b465ee728b)
Start importing Assets/Art gallery Vol.8 - modern showroom/Models/Textures/tex_SM_Mannequin_1_3_AlbedoTransparency.png using Guid(c96df663a88ab5c4288428281042d538) Importer(815301076,1909f56bfc062723c751e8b465ee728b)  -> (artifact id: 'dba3842ef6faa83c0b347b14a89300ea') in 0.239503 seconds 
========================================================================
Received Import Request.
  Time since last request: 0.000030 seconds.
  path: Assets/Art gallery Vol.8 - modern showroom/Models/Textures/tex_SM_Mannequin_1_4_Normal.png
  artifactKey: Guid(91c7838b69d0ddd459520548b9b701d4) Importer(815301076,1909f56bfc062723c751e8b465ee728b)
Start importing Assets/Art gallery Vol.8 - modern showroom/Models/Textures/tex_SM_Mannequin_1_4_Normal.png using Guid(91c7838b69d0ddd459520548b9b701d4) Importer(815301076,1909f56bfc062723c751e8b465ee728b)  -> (artifact id: '3d0482b19189bc0fcef6cb44dead61ce') in 0.179299 seconds 
========================================================================
Received Import Request.
  Time since last request: 0.000057 seconds.
  path: Assets/Art gallery Vol.8 - modern showroom/Models/Textures/tex_SM_Mannequin_2_2_AlbedoTransparency.png
  artifactKey: Guid(737fcd58daccca64cb9388255439e34a) Importer(815301076,1909f56bfc062723c751e8b465ee728b)
Start importing Assets/Art gallery Vol.8 - modern showroom/Models/Textures/tex_SM_Mannequin_2_2_AlbedoTransparency.png using Guid(737fcd58daccca64cb9388255439e34a) Importer(815301076,1909f56bfc062723c751e8b465ee728b)  -> (artifact id: '0aa56535188e2d5d3bc367647c86efe6') in 0.061915 seconds 
========================================================================
Received Import Request.
  Time since last request: 0.000045 seconds.
  path: Assets/Art gallery Vol.8 - modern showroom/Models/Textures/tex_SM_Mannequin_1_2_Normal.png
  artifactKey: Guid(64cb93a46245ad646905c6d90173fce4) Importer(815301076,1909f56bfc062723c751e8b465ee728b)
Start importing Assets/Art gallery Vol.8 - modern showroom/Models/Textures/tex_SM_Mannequin_1_2_Normal.png using Guid(64cb93a46245ad646905c6d90173fce4) Importer(815301076,1909f56bfc062723c751e8b465ee728b)  -> (artifact id: '32bfd4a0d6553b98581c43f98bc0b502') in 0.112961 seconds 
========================================================================
Received Import Request.
  Time since last request: 0.000073 seconds.
  path: Assets/Art gallery Vol.8 - modern showroom/Models/Textures/tex_M_Mannequin_3_3_Normal.png
  artifactKey: Guid(3f010c3d354f43640b99717cc6842a77) Importer(815301076,1909f56bfc062723c751e8b465ee728b)
Start importing Assets/Art gallery Vol.8 - modern showroom/Models/Textures/tex_M_Mannequin_3_3_Normal.png using Guid(3f010c3d354f43640b99717cc6842a77) Importer(815301076,1909f56bfc062723c751e8b465ee728b)  -> (artifact id: '651c87b2cae36bda308913604192544d') in 0.097086 seconds 
========================================================================
Received Import Request.
  Time since last request: 0.000070 seconds.
  path: Assets/Art gallery Vol.8 - modern showroom/Models/Textures/tex_SM_Mannequin_1_1_MetallicSmoothness.png
  artifactKey: Guid(e7d2452d5360c8c45aff858fc54d94a3) Importer(815301076,1909f56bfc062723c751e8b465ee728b)
Start importing Assets/Art gallery Vol.8 - modern showroom/Models/Textures/tex_SM_Mannequin_1_1_MetallicSmoothness.png using Guid(e7d2452d5360c8c45aff858fc54d94a3) Importer(815301076,1909f56bfc062723c751e8b465ee728b)  -> (artifact id: 'c79acab30d28bca7a8571a033b3e25e1') in 0.084085 seconds 
========================================================================
Received Import Request.
  Time since last request: 0.000048 seconds.
  path: Assets/Art gallery Vol.8 - modern showroom/Models/Textures/tex_SM_Mannequin_2_2_MetallicSmoothness.png
  artifactKey: Guid(00f38349383c24a4092a70c85c29a371) Importer(815301076,1909f56bfc062723c751e8b465ee728b)
Start importing Assets/Art gallery Vol.8 - modern showroom/Models/Textures/tex_SM_Mannequin_2_2_MetallicSmoothness.png using Guid(00f38349383c24a4092a70c85c29a371) Importer(815301076,1909f56bfc062723c751e8b465ee728b)  -> (artifact id: '7e53b6669dd9caa48f4b8e7387a7e565') in 0.117481 seconds 
========================================================================
Received Import Request.
  Time since last request: 0.000033 seconds.
  path: Assets/Art gallery Vol.8 - modern showroom/Models/Textures/tex_SM_Mannequin_2_1_Normal.png
  artifactKey: Guid(170d5f1a631c6494aae3f4a62d0bc4fd) Importer(815301076,1909f56bfc062723c751e8b465ee728b)
Start importing Assets/Art gallery Vol.8 - modern showroom/Models/Textures/tex_SM_Mannequin_2_1_Normal.png using Guid(170d5f1a631c6494aae3f4a62d0bc4fd) Importer(815301076,1909f56bfc062723c751e8b465ee728b)  -> (artifact id: '947a5d59a664d63e89a6b8559dd5d26f') in 0.088644 seconds 
========================================================================
Received Import Request.
  Time since last request: 0.000035 seconds.
  path: Assets/Art gallery Vol.8 - modern showroom/Models/Textures/tex_M_Mannequin_3_3_AlbedoTransparency.png
  artifactKey: Guid(7a678133a8bf2154ea9572d3442e8c34) Importer(815301076,1909f56bfc062723c751e8b465ee728b)
Start importing Assets/Art gallery Vol.8 - modern showroom/Models/Textures/tex_M_Mannequin_3_3_AlbedoTransparency.png using Guid(7a678133a8bf2154ea9572d3442e8c34) Importer(815301076,1909f56bfc062723c751e8b465ee728b)  -> (artifact id: 'b79d1f10788b8eab90d6f5ae7c646995') in 0.068485 seconds 
========================================================================
Received Import Request.
  Time since last request: 0.000054 seconds.
  path: Assets/Art gallery Vol.8 - modern showroom/Models/Textures/tex_SM_Mannequin_1_4_MetallicSmoothness.png
  artifactKey: Guid(f7068f03c5d6b73498d5571b6a6416c1) Importer(815301076,1909f56bfc062723c751e8b465ee728b)
Start importing Assets/Art gallery Vol.8 - modern showroom/Models/Textures/tex_SM_Mannequin_1_4_MetallicSmoothness.png using Guid(f7068f03c5d6b73498d5571b6a6416c1) Importer(815301076,1909f56bfc062723c751e8b465ee728b)  -> (artifact id: 'fd58b2bf25daa4b42f5dd05c03b21ad8') in 0.068709 seconds 
========================================================================
Received Import Request.
  Time since last request: 0.000026 seconds.
  path: Assets/Art gallery Vol.8 - modern showroom/Models/Textures/tex_M_Mannequin_3_1_Normal.png
  artifactKey: Guid(2c2c3b6f20e7c6b44ab11a55660a6db4) Importer(815301076,1909f56bfc062723c751e8b465ee728b)
Start importing Assets/Art gallery Vol.8 - modern showroom/Models/Textures/tex_M_Mannequin_3_1_Normal.png using Guid(2c2c3b6f20e7c6b44ab11a55660a6db4) Importer(815301076,1909f56bfc062723c751e8b465ee728b)  -> (artifact id: '8520950433f73b66110ee9b9a33b6256') in 0.103667 seconds 
========================================================================
Received Import Request.
  Time since last request: 0.000048 seconds.
  path: Assets/Art gallery Vol.8 - modern showroom/Models/Textures/tex_M_Mannequin_3_2_Normal.png
  artifactKey: Guid(78214c14abf611e4687bee3776b175f2) Importer(815301076,1909f56bfc062723c751e8b465ee728b)
Start importing Assets/Art gallery Vol.8 - modern showroom/Models/Textures/tex_M_Mannequin_3_2_Normal.png using Guid(78214c14abf611e4687bee3776b175f2) Importer(815301076,1909f56bfc062723c751e8b465ee728b)  -> (artifact id: 'dbc4916026c80de0a6cc445ecb096bd9') in 0.084482 seconds 
========================================================================
Received Import Request.
  Time since last request: 0.000050 seconds.
  path: Assets/Art gallery Vol.8 - modern showroom/Models/Textures/plate_tex_AlbedoTransparency.png
  artifactKey: Guid(d5fa6ab37621452468cec34a8bb35c75) Importer(815301076,1909f56bfc062723c751e8b465ee728b)
Start importing Assets/Art gallery Vol.8 - modern showroom/Models/Textures/plate_tex_AlbedoTransparency.png using Guid(d5fa6ab37621452468cec34a8bb35c75) Importer(815301076,1909f56bfc062723c751e8b465ee728b)  -> (artifact id: 'b537e4432596b7b393d06309e1abc3ca') in 0.043741 seconds 
========================================================================
Received Import Request.
  Time since last request: 0.000023 seconds.
  path: Assets/Art gallery Vol.8 - modern showroom/Models/Textures/tex_SM_Mannequin_1_30_Normal.png
  artifactKey: Guid(8e2cc9604cc95674688cc370cbd3d219) Importer(815301076,1909f56bfc062723c751e8b465ee728b)
Start importing Assets/Art gallery Vol.8 - modern showroom/Models/Textures/tex_SM_Mannequin_1_30_Normal.png using Guid(8e2cc9604cc95674688cc370cbd3d219) Importer(815301076,1909f56bfc062723c751e8b465ee728b)  -> (artifact id: '9b7e278c1e3cf2bdaa26293c7a1d5e9c') in 0.064954 seconds 
========================================================================
Received Import Request.
  Time since last request: 0.000049 seconds.
  path: Assets/Art gallery Vol.8 - modern showroom/Models/Textures/tex_M_Mannequin_3_1_AlbedoTransparency.png
  artifactKey: Guid(2567e606c563b5747803869e02f6fe7a) Importer(815301076,1909f56bfc062723c751e8b465ee728b)
Start importing Assets/Art gallery Vol.8 - modern showroom/Models/Textures/tex_M_Mannequin_3_1_AlbedoTransparency.png using Guid(2567e606c563b5747803869e02f6fe7a) Importer(815301076,1909f56bfc062723c751e8b465ee728b)  -> (artifact id: 'c3c9c6516bba8e2c41b369311dffe1dc') in 0.057797 seconds 
========================================================================
Received Import Request.
  Time since last request: 0.000033 seconds.
  path: Assets/Art gallery Vol.8 - modern showroom/Models/Textures/plate_tex_MetallicSmoothness.png
  artifactKey: Guid(2b119660decee8645880ced5f099bebb) Importer(815301076,1909f56bfc062723c751e8b465ee728b)
Start importing Assets/Art gallery Vol.8 - modern showroom/Models/Textures/plate_tex_MetallicSmoothness.png using Guid(2b119660decee8645880ced5f099bebb) Importer(815301076,1909f56bfc062723c751e8b465ee728b)  -> (artifact id: 'e6b6d900b8e131ec015669e7bbafa282') in 0.040314 seconds 
========================================================================
Received Import Request.
  Time since last request: 0.000031 seconds.
  path: Assets/Art gallery Vol.8 - modern showroom/Models/Textures/tex_M_Mannequin_3_2_AlbedoTransparency.png
  artifactKey: Guid(074aa41222ee96947acd67c0aceedae8) Importer(815301076,1909f56bfc062723c751e8b465ee728b)
Start importing Assets/Art gallery Vol.8 - modern showroom/Models/Textures/tex_M_Mannequin_3_2_AlbedoTransparency.png using Guid(074aa41222ee96947acd67c0aceedae8) Importer(815301076,1909f56bfc062723c751e8b465ee728b)  -> (artifact id: '5843ef27bf57bf996db3c4d8e8c410e5') in 0.071689 seconds 
========================================================================
Received Import Request.
  Time since last request: 0.000055 seconds.
  path: Assets/Art gallery Vol.8 - modern showroom/Models/Textures/plastic_tex_Normal.png
  artifactKey: Guid(03ebcba91f5986c4eb9ddd89900f9d41) Importer(815301076,1909f56bfc062723c751e8b465ee728b)
Start importing Assets/Art gallery Vol.8 - modern showroom/Models/Textures/plastic_tex_Normal.png using Guid(03ebcba91f5986c4eb9ddd89900f9d41) Importer(815301076,1909f56bfc062723c751e8b465ee728b)  -> (artifact id: 'b68a890af0874f5b474d15f8fdcaf317') in 0.030811 seconds 
========================================================================
Received Prepare
Registering precompiled user dll's ...
Registered in 0.048966 seconds.
Begin MonoManager ReloadAssembly
Symbol file LoadedFromMemory doesn't match image C:\Users\User\Desktop\UPPURLPE\UPPURPLE\Library\PackageCache\com.unity.visualscripting@1.7.8\Editor\VisualScripting.Core\Dependencies\YamlDotNet\Unity.VisualScripting.YamlDotNet.dll
Symbol file LoadedFromMemory doesn't match image C:\Users\User\Desktop\UPPURLPE\UPPURPLE\Library\PackageCache\com.unity.visualscripting@1.7.8\Editor\VisualScripting.Core\Dependencies\DotNetZip\Unity.VisualScripting.IonicZip.dll
Native extension for WindowsStandalone target not found
Native extension for Android target not found
Refreshing native plugins compatible for Editor in 1.60 ms, found 3 plugins.
Preloading 0 native plugins for Editor in 0.00 ms.
Mono: successfully reloaded assembly
- Completed reload, in  3.614 seconds
Domain Reload Profiling:
	ReloadAssembly (3616ms)
		BeginReloadAssembly (465ms)
			ExecutionOrderSort (0ms)
			DisableScriptedObjects (23ms)
			BackupInstance (0ms)
			ReleaseScriptingObjects (0ms)
			CreateAndSetChildDomain (111ms)
		EndReloadAssembly (2762ms)
			LoadAssemblies (301ms)
			RebuildTransferFunctionScriptingTraits (0ms)
			SetupTypeCache (989ms)
			ReleaseScriptCaches (4ms)
			RebuildScriptCaches (157ms)
			SetupLoadedEditorAssemblies (1166ms)
				LogAssemblyErrors (0ms)
				InitializePlatformSupportModulesInManaged (73ms)
				SetLoadedEditorAssemblies (1ms)
				RefreshPlugins (2ms)
				BeforeProcessingInitializeOnLoad (267ms)
				ProcessInitializeOnLoadAttributes (721ms)
				ProcessInitializeOnLoadMethodAttributes (73ms)
				AfterProcessingInitializeOnLoad (28ms)
				EditorAssembliesLoaded (1ms)
			ExecutionOrderSort2 (0ms)
			AwakeInstancesAfterBackupRestoration (20ms)
Platform modules already initialized, skipping
Refreshing native plugins compatible for Editor in 7.05 ms, found 3 plugins.
Preloading 0 native plugins for Editor in 0.00 ms.
Unloading 3357 Unused Serialized files (Serialized files now loaded: 0)
Unloading 20 unused Assets / (80.8 KB). Loaded Objects now: 3851.
Memory consumption went from 141.6 MB to 141.5 MB.
Total: 7.791800 ms (FindLiveObjects: 0.475400 ms CreateObjectMapping: 0.215400 ms MarkObjects: 6.879600 ms  DeleteObjects: 0.218700 ms)

AssetImportParameters requested are different than current active one (requested -> active):
  custom:video-decoder-ogg-theora: a1e56fd34408186e4bbccfd4996cb3dc -> 
  custom:container-muxer-webm: aa71ff27fc2769a1b78a27578f13a17b -> 
  custom:container-demuxer-webm: 4f35f7cbe854078d1ac9338744f61a02 -> 
  custom:video-encoder-webm-vp8: eb34c28f22e8b96e1ab97ce403110664 -> 
  custom:video-codec-MediaFoundation-h265: 746d11721c4dcdbdad8f713fa42b33f4 -> 
  custom:audio-encoder-webm-vorbis: bf7c407c2cedff20999df2af8eb42d56 -> 
  custom:framework-win-MediaFoundation: 216162199b28c13a410421893ffa2e32 -> 
  custom:container-demuxer-ogg: 62fdf1f143b41e24485cea50d1cbac27 -> 
  custom:video-decoder-webm-vp8: 9c59270c3fd7afecdb556c50c9e8de78 -> 
  custom:audio-decoder-ogg-vorbis: bf7c407c2cedff20999df2af8eb42d56 -> 
========================================================================
Received Import Request.
  Time since last request: 1667.673372 seconds.
  path: Assets/NeonShapes/GreenBlast.prefab
  artifactKey: Guid(4ccd5c8d80079ec41a274d9fdf13b9db) Importer(815301076,1909f56bfc062723c751e8b465ee728b)
Start importing Assets/NeonShapes/GreenBlast.prefab using Guid(4ccd5c8d80079ec41a274d9fdf13b9db) Importer(815301076,1909f56bfc062723c751e8b465ee728b)  -> (artifact id: '47f40e8fe64164b5c6de34b14a8d5609') in 0.300609 seconds 
========================================================================
Received Import Request.
  Time since last request: 0.000023 seconds.
  path: Assets/NeonShapes/NeonGreenSquare.prefab
  artifactKey: Guid(a5d528f63beb2d341b3a6772b74f0370) Importer(815301076,1909f56bfc062723c751e8b465ee728b)
Start importing Assets/NeonShapes/NeonGreenSquare.prefab using Guid(a5d528f63beb2d341b3a6772b74f0370) Importer(815301076,1909f56bfc062723c751e8b465ee728b)  -> (artifact id: '738dc6a009f3a5adaf5e0f231f76884d') in 0.018234 seconds 
========================================================================
Received Import Request.
  Time since last request: 0.000024 seconds.
  path: Assets/NeonShapes/RedBlast.prefab
  artifactKey: Guid(4ce806bd6d1ee1e4d86921019641ae48) Importer(815301076,1909f56bfc062723c751e8b465ee728b)
Start importing Assets/NeonShapes/RedBlast.prefab using Guid(4ce806bd6d1ee1e4d86921019641ae48) Importer(815301076,1909f56bfc062723c751e8b465ee728b)  -> (artifact id: 'd996be6442162299963ec36d87c20cec') in 0.037197 seconds 
========================================================================
Received Import Request.
  Time since last request: 0.000046 seconds.
  path: Assets/NeonShapes/NeonGreenCircle.prefab
  artifactKey: Guid(1bcfccf592472944baab9167f5b7218b) Importer(815301076,1909f56bfc062723c751e8b465ee728b)
Start importing Assets/NeonShapes/NeonGreenCircle.prefab using Guid(1bcfccf592472944baab9167f5b7218b) Importer(815301076,1909f56bfc062723c751e8b465ee728b)  -> (artifact id: '42ca5e9f1980deac7069bd15706028bb') in 0.018382 seconds 
========================================================================
Received Import Request.
  Time since last request: 0.000045 seconds.
  path: Assets/NeonShapes/NeonRedSquare.prefab
  artifactKey: Guid(1936811a43f57bd4a874dd0d96a711fc) Importer(815301076,1909f56bfc062723c751e8b465ee728b)
Start importing Assets/NeonShapes/NeonRedSquare.prefab using Guid(1936811a43f57bd4a874dd0d96a711fc) Importer(815301076,1909f56bfc062723c751e8b465ee728b)  -> (artifact id: '7197366f04ff22109d68aa7fbe87c8ad') in 0.013179 seconds 
========================================================================
Received Import Request.
  Time since last request: 46.855048 seconds.
  path: Assets/NeonShapes/PNG/BlueSquare.png
  artifactKey: Guid(0ef1d9735665d7849afdc68d3ce045b2) Importer(815301076,1909f56bfc062723c751e8b465ee728b)
Start importing Assets/NeonShapes/PNG/BlueSquare.png using Guid(0ef1d9735665d7849afdc68d3ce045b2) Importer(815301076,1909f56bfc062723c751e8b465ee728b)  -> (artifact id: '24e1b344efc05f25a60d11d159330e38') in 0.144286 seconds 
========================================================================
Received Import Request.
  Time since last request: 0.000068 seconds.
  path: Assets/NeonShapes/PNG/GreenCircle.png
  artifactKey: Guid(a35b151eea1c2de43a63764c264c1d01) Importer(815301076,1909f56bfc062723c751e8b465ee728b)
Start importing Assets/NeonShapes/PNG/GreenCircle.png using Guid(a35b151eea1c2de43a63764c264c1d01) Importer(815301076,1909f56bfc062723c751e8b465ee728b)  -> (artifact id: 'a66ff502a1e110996ad508fc89f17ff3') in 0.099135 seconds 
========================================================================
Received Import Request.
  Time since last request: 0.000060 seconds.
  path: Assets/NeonShapes/PNG/RedCircle.png
  artifactKey: Guid(eef18d33c7eb7c64cb92f40f54a334b0) Importer(815301076,1909f56bfc062723c751e8b465ee728b)
Start importing Assets/NeonShapes/PNG/RedCircle.png using Guid(eef18d33c7eb7c64cb92f40f54a334b0) Importer(815301076,1909f56bfc062723c751e8b465ee728b)  -> (artifact id: '5eca09c53a968bcc3a9162d07f9a4fab') in 0.097049 seconds 
========================================================================
Received Prepare
Registering precompiled user dll's ...
Registered in 0.008466 seconds.
Begin MonoManager ReloadAssembly
Symbol file LoadedFromMemory doesn't match image C:\Users\User\Desktop\UPPURLPE\UPPURPLE\Library\PackageCache\com.unity.visualscripting@1.7.8\Editor\VisualScripting.Core\Dependencies\YamlDotNet\Unity.VisualScripting.YamlDotNet.dll
Symbol file LoadedFromMemory doesn't match image C:\Users\User\Desktop\UPPURLPE\UPPURPLE\Library\PackageCache\com.unity.visualscripting@1.7.8\Editor\VisualScripting.Core\Dependencies\DotNetZip\Unity.VisualScripting.IonicZip.dll
Native extension for WindowsStandalone target not found
Native extension for Android target not found
Refreshing native plugins compatible for Editor in 1.33 ms, found 3 plugins.
Preloading 0 native plugins for Editor in 0.00 ms.
Mono: successfully reloaded assembly
- Completed reload, in  3.621 seconds
Domain Reload Profiling:
	ReloadAssembly (3623ms)
		BeginReloadAssembly (415ms)
			ExecutionOrderSort (0ms)
			DisableScriptedObjects (13ms)
			BackupInstance (0ms)
			ReleaseScriptingObjects (0ms)
			CreateAndSetChildDomain (103ms)
		EndReloadAssembly (2814ms)
			LoadAssemblies (295ms)
			RebuildTransferFunctionScriptingTraits (0ms)
			SetupTypeCache (1036ms)
			ReleaseScriptCaches (4ms)
			RebuildScriptCaches (132ms)
			SetupLoadedEditorAssemblies (1206ms)
				LogAssemblyErrors (0ms)
				InitializePlatformSupportModulesInManaged (74ms)
				SetLoadedEditorAssemblies (1ms)
				RefreshPlugins (2ms)
				BeforeProcessingInitializeOnLoad (240ms)
				ProcessInitializeOnLoadAttributes (770ms)
				ProcessInitializeOnLoadMethodAttributes (85ms)
				AfterProcessingInitializeOnLoad (33ms)
				EditorAssembliesLoaded (1ms)
			ExecutionOrderSort2 (0ms)
			AwakeInstancesAfterBackupRestoration (17ms)
Platform modules already initialized, skipping
Refreshing native plugins compatible for Editor in 2.50 ms, found 3 plugins.
Preloading 0 native plugins for Editor in 0.00 ms.
Unloading 3356 Unused Serialized files (Serialized files now loaded: 0)
Unloading 23 unused Assets / (81.6 KB). Loaded Objects now: 3864.
Memory consumption went from 141.8 MB to 141.7 MB.
Total: 6.846900 ms (FindLiveObjects: 0.438200 ms CreateObjectMapping: 0.208300 ms MarkObjects: 5.930600 ms  DeleteObjects: 0.266900 ms)

AssetImportParameters requested are different than current active one (requested -> active):
  custom:video-decoder-ogg-theora: a1e56fd34408186e4bbccfd4996cb3dc -> 
  custom:container-muxer-webm: aa71ff27fc2769a1b78a27578f13a17b -> 
  custom:container-demuxer-webm: 4f35f7cbe854078d1ac9338744f61a02 -> 
  custom:video-encoder-webm-vp8: eb34c28f22e8b96e1ab97ce403110664 -> 
  custom:video-codec-MediaFoundation-h265: 746d11721c4dcdbdad8f713fa42b33f4 -> 
  custom:audio-encoder-webm-vorbis: bf7c407c2cedff20999df2af8eb42d56 -> 
  custom:framework-win-MediaFoundation: 216162199b28c13a410421893ffa2e32 -> 
  custom:container-demuxer-ogg: 62fdf1f143b41e24485cea50d1cbac27 -> 
  custom:video-decoder-webm-vp8: 9c59270c3fd7afecdb556c50c9e8de78 -> 
  custom:audio-decoder-ogg-vorbis: bf7c407c2cedff20999df2af8eb42d56 -> 
========================================================================
Received Prepare
Registering precompiled user dll's ...
Registered in 0.025834 seconds.
Begin MonoManager ReloadAssembly
Symbol file LoadedFromMemory doesn't match image C:\Users\User\Desktop\UPPURLPE\UPPURPLE\Library\PackageCache\com.unity.visualscripting@1.7.8\Editor\VisualScripting.Core\Dependencies\YamlDotNet\Unity.VisualScripting.YamlDotNet.dll
Symbol file LoadedFromMemory doesn't match image C:\Users\User\Desktop\UPPURLPE\UPPURPLE\Library\PackageCache\com.unity.visualscripting@1.7.8\Editor\VisualScripting.Core\Dependencies\DotNetZip\Unity.VisualScripting.IonicZip.dll
Native extension for WindowsStandalone target not found
Native extension for Android target not found
Refreshing native plugins compatible for Editor in 1.33 ms, found 3 plugins.
Preloading 0 native plugins for Editor in 0.00 ms.
Mono: successfully reloaded assembly
- Completed reload, in  3.768 seconds
Domain Reload Profiling:
	ReloadAssembly (3771ms)
		BeginReloadAssembly (416ms)
			ExecutionOrderSort (0ms)
			DisableScriptedObjects (21ms)
			BackupInstance (0ms)
			ReleaseScriptingObjects (0ms)
			CreateAndSetChildDomain (112ms)
		EndReloadAssembly (2952ms)
			LoadAssemblies (260ms)
			RebuildTransferFunctionScriptingTraits (0ms)
			SetupTypeCache (1152ms)
			ReleaseScriptCaches (3ms)
			RebuildScriptCaches (140ms)
			SetupLoadedEditorAssemblies (1218ms)
				LogAssemblyErrors (0ms)
				InitializePlatformSupportModulesInManaged (85ms)
				SetLoadedEditorAssemblies (1ms)
				RefreshPlugins (2ms)
				BeforeProcessingInitializeOnLoad (286ms)
				ProcessInitializeOnLoadAttributes (731ms)
				ProcessInitializeOnLoadMethodAttributes (88ms)
				AfterProcessingInitializeOnLoad (26ms)
				EditorAssembliesLoaded (1ms)
			ExecutionOrderSort2 (0ms)
			AwakeInstancesAfterBackupRestoration (25ms)
Platform modules already initialized, skipping
Refreshing native plugins compatible for Editor in 6.50 ms, found 3 plugins.
Preloading 0 native plugins for Editor in 0.00 ms.
Unloading 3357 Unused Serialized files (Serialized files now loaded: 0)
Unloading 20 unused Assets / (80.8 KB). Loaded Objects now: 3868.
Memory consumption went from 141.8 MB to 141.7 MB.
Total: 7.392400 ms (FindLiveObjects: 0.598500 ms CreateObjectMapping: 0.440300 ms MarkObjects: 6.091800 ms  DeleteObjects: 0.259200 ms)

AssetImportParameters requested are different than current active one (requested -> active):
  custom:video-decoder-ogg-theora: a1e56fd34408186e4bbccfd4996cb3dc -> 
  custom:container-muxer-webm: aa71ff27fc2769a1b78a27578f13a17b -> 
  custom:container-demuxer-webm: 4f35f7cbe854078d1ac9338744f61a02 -> 
  custom:video-encoder-webm-vp8: eb34c28f22e8b96e1ab97ce403110664 -> 
  custom:video-codec-MediaFoundation-h265: 746d11721c4dcdbdad8f713fa42b33f4 -> 
  custom:audio-encoder-webm-vorbis: bf7c407c2cedff20999df2af8eb42d56 -> 
  custom:framework-win-MediaFoundation: 216162199b28c13a410421893ffa2e32 -> 
  custom:container-demuxer-ogg: 62fdf1f143b41e24485cea50d1cbac27 -> 
  custom:video-decoder-webm-vp8: 9c59270c3fd7afecdb556c50c9e8de78 -> 
  custom:audio-decoder-ogg-vorbis: bf7c407c2cedff20999df2af8eb42d56 -> 
========================================================================
Received Prepare
Registering precompiled user dll's ...
Registered in 0.024231 seconds.
Begin MonoManager ReloadAssembly
Symbol file LoadedFromMemory doesn't match image C:\Users\User\Desktop\UPPURLPE\UPPURPLE\Library\PackageCache\com.unity.visualscripting@1.7.8\Editor\VisualScripting.Core\Dependencies\YamlDotNet\Unity.VisualScripting.YamlDotNet.dll
Symbol file LoadedFromMemory doesn't match image C:\Users\User\Desktop\UPPURLPE\UPPURPLE\Library\PackageCache\com.unity.visualscripting@1.7.8\Editor\VisualScripting.Core\Dependencies\DotNetZip\Unity.VisualScripting.IonicZip.dll
Native extension for WindowsStandalone target not found
Native extension for Android target not found
Refreshing native plugins compatible for Editor in 1.15 ms, found 3 plugins.
Preloading 0 native plugins for Editor in 0.00 ms.
Mono: successfully reloaded assembly
- Completed reload, in  3.092 seconds
Domain Reload Profiling:
	ReloadAssembly (3095ms)
		BeginReloadAssembly (367ms)
			ExecutionOrderSort (0ms)
			DisableScriptedObjects (17ms)
			BackupInstance (0ms)
			ReleaseScriptingObjects (0ms)
			CreateAndSetChildDomain (92ms)
		EndReloadAssembly (2372ms)
			LoadAssemblies (237ms)
			RebuildTransferFunctionScriptingTraits (0ms)
			SetupTypeCache (810ms)
			ReleaseScriptCaches (3ms)
			RebuildScriptCaches (153ms)
			SetupLoadedEditorAssemblies (1015ms)
				LogAssemblyErrors (0ms)
				InitializePlatformSupportModulesInManaged (64ms)
				SetLoadedEditorAssemblies (1ms)
				RefreshPlugins (1ms)
				BeforeProcessingInitializeOnLoad (219ms)
				ProcessInitializeOnLoadAttributes (626ms)
				ProcessInitializeOnLoadMethodAttributes (76ms)
				AfterProcessingInitializeOnLoad (26ms)
				EditorAssembliesLoaded (0ms)
			ExecutionOrderSort2 (0ms)
			AwakeInstancesAfterBackupRestoration (17ms)
Platform modules already initialized, skipping
Refreshing native plugins compatible for Editor in 6.74 ms, found 3 plugins.
Preloading 0 native plugins for Editor in 0.00 ms.
Unloading 3357 Unused Serialized files (Serialized files now loaded: 0)
Unloading 20 unused Assets / (80.8 KB). Loaded Objects now: 3871.
Memory consumption went from 141.8 MB to 141.7 MB.
Total: 8.108300 ms (FindLiveObjects: 0.393700 ms CreateObjectMapping: 0.281400 ms MarkObjects: 7.212700 ms  DeleteObjects: 0.217900 ms)

AssetImportParameters requested are different than current active one (requested -> active):
  custom:video-decoder-ogg-theora: a1e56fd34408186e4bbccfd4996cb3dc -> 
  custom:container-muxer-webm: aa71ff27fc2769a1b78a27578f13a17b -> 
  custom:container-demuxer-webm: 4f35f7cbe854078d1ac9338744f61a02 -> 
  custom:video-encoder-webm-vp8: eb34c28f22e8b96e1ab97ce403110664 -> 
  custom:video-codec-MediaFoundation-h265: 746d11721c4dcdbdad8f713fa42b33f4 -> 
  custom:audio-encoder-webm-vorbis: bf7c407c2cedff20999df2af8eb42d56 -> 
  custom:framework-win-MediaFoundation: 216162199b28c13a410421893ffa2e32 -> 
  custom:container-demuxer-ogg: 62fdf1f143b41e24485cea50d1cbac27 -> 
  custom:video-decoder-webm-vp8: 9c59270c3fd7afecdb556c50c9e8de78 -> 
  custom:audio-decoder-ogg-vorbis: bf7c407c2cedff20999df2af8eb42d56 -> 
========================================================================
Received Prepare
Registering precompiled user dll's ...
Registered in 0.016814 seconds.
Begin MonoManager ReloadAssembly
Symbol file LoadedFromMemory doesn't match image C:\Users\User\Desktop\UPPURLPE\UPPURPLE\Library\PackageCache\com.unity.visualscripting@1.7.8\Editor\VisualScripting.Core\Dependencies\YamlDotNet\Unity.VisualScripting.YamlDotNet.dll
Symbol file LoadedFromMemory doesn't match image C:\Users\User\Desktop\UPPURLPE\UPPURPLE\Library\PackageCache\com.unity.visualscripting@1.7.8\Editor\VisualScripting.Core\Dependencies\DotNetZip\Unity.VisualScripting.IonicZip.dll
Native extension for WindowsStandalone target not found
Native extension for Android target not found
Refreshing native plugins compatible for Editor in 1.33 ms, found 3 plugins.
Preloading 0 native plugins for Editor in 0.00 ms.
Mono: successfully reloaded assembly
- Completed reload, in  3.665 seconds
Domain Reload Profiling:
	ReloadAssembly (3666ms)
		BeginReloadAssembly (448ms)
			ExecutionOrderSort (0ms)
			DisableScriptedObjects (16ms)
			BackupInstance (0ms)
			ReleaseScriptingObjects (0ms)
			CreateAndSetChildDomain (105ms)
		EndReloadAssembly (2837ms)
			LoadAssemblies (284ms)
			RebuildTransferFunctionScriptingTraits (0ms)
			SetupTypeCache (1064ms)
			ReleaseScriptCaches (4ms)
			RebuildScriptCaches (134ms)
			SetupLoadedEditorAssemblies (1219ms)
				LogAssemblyErrors (0ms)
				InitializePlatformSupportModulesInManaged (91ms)
				SetLoadedEditorAssemblies (1ms)
				RefreshPlugins (2ms)
				BeforeProcessingInitializeOnLoad (270ms)
				ProcessInitializeOnLoadAttributes (743ms)
				ProcessInitializeOnLoadMethodAttributes (81ms)
				AfterProcessingInitializeOnLoad (31ms)
				EditorAssembliesLoaded (1ms)
			ExecutionOrderSort2 (0ms)
			AwakeInstancesAfterBackupRestoration (18ms)
Platform modules already initialized, skipping
Refreshing native plugins compatible for Editor in 4.91 ms, found 3 plugins.
Preloading 0 native plugins for Editor in 0.00 ms.
Unloading 3356 Unused Serialized files (Serialized files now loaded: 0)
Unloading 21 unused Assets / (80.9 KB). Loaded Objects now: 3873.
Memory consumption went from 141.8 MB to 141.7 MB.
Total: 6.647900 ms (FindLiveObjects: 0.434100 ms CreateObjectMapping: 0.265800 ms MarkObjects: 5.597700 ms  DeleteObjects: 0.347700 ms)

AssetImportParameters requested are different than current active one (requested -> active):
  custom:video-decoder-ogg-theora: a1e56fd34408186e4bbccfd4996cb3dc -> 
  custom:container-muxer-webm: aa71ff27fc2769a1b78a27578f13a17b -> 
  custom:container-demuxer-webm: 4f35f7cbe854078d1ac9338744f61a02 -> 
  custom:video-encoder-webm-vp8: eb34c28f22e8b96e1ab97ce403110664 -> 
  custom:video-codec-MediaFoundation-h265: 746d11721c4dcdbdad8f713fa42b33f4 -> 
  custom:audio-encoder-webm-vorbis: bf7c407c2cedff20999df2af8eb42d56 -> 
  custom:framework-win-MediaFoundation: 216162199b28c13a410421893ffa2e32 -> 
  custom:container-demuxer-ogg: 62fdf1f143b41e24485cea50d1cbac27 -> 
  custom:video-decoder-webm-vp8: 9c59270c3fd7afecdb556c50c9e8de78 -> 
  custom:audio-decoder-ogg-vorbis: bf7c407c2cedff20999df2af8eb42d56 -> 
========================================================================
Received Prepare
Registering precompiled user dll's ...
Registered in 0.025472 seconds.
Begin MonoManager ReloadAssembly
Symbol file LoadedFromMemory doesn't match image C:\Users\User\Desktop\UPPURLPE\UPPURPLE\Library\PackageCache\com.unity.visualscripting@1.7.8\Editor\VisualScripting.Core\Dependencies\YamlDotNet\Unity.VisualScripting.YamlDotNet.dll
Symbol file LoadedFromMemory doesn't match image C:\Users\User\Desktop\UPPURLPE\UPPURPLE\Library\PackageCache\com.unity.visualscripting@1.7.8\Editor\VisualScripting.Core\Dependencies\DotNetZip\Unity.VisualScripting.IonicZip.dll
Native extension for WindowsStandalone target not found
Native extension for Android target not found
Refreshing native plugins compatible for Editor in 2.17 ms, found 3 plugins.
Preloading 0 native plugins for Editor in 0.00 ms.
Mono: successfully reloaded assembly
- Completed reload, in  3.712 seconds
Domain Reload Profiling:
	ReloadAssembly (3714ms)
		BeginReloadAssembly (441ms)
			ExecutionOrderSort (0ms)
			DisableScriptedObjects (21ms)
			BackupInstance (0ms)
			ReleaseScriptingObjects (0ms)
			CreateAndSetChildDomain (102ms)
		EndReloadAssembly (2863ms)
			LoadAssemblies (303ms)
			RebuildTransferFunctionScriptingTraits (0ms)
			SetupTypeCache (1086ms)
			ReleaseScriptCaches (4ms)
			RebuildScriptCaches (173ms)
			SetupLoadedEditorAssemblies (1148ms)
				LogAssemblyErrors (0ms)
				InitializePlatformSupportModulesInManaged (72ms)
				SetLoadedEditorAssemblies (2ms)
				RefreshPlugins (2ms)
				BeforeProcessingInitializeOnLoad (298ms)
				ProcessInitializeOnLoadAttributes (670ms)
				ProcessInitializeOnLoadMethodAttributes (75ms)
				AfterProcessingInitializeOnLoad (29ms)
				EditorAssembliesLoaded (1ms)
			ExecutionOrderSort2 (0ms)
			AwakeInstancesAfterBackupRestoration (12ms)
Platform modules already initialized, skipping
Refreshing native plugins compatible for Editor in 7.28 ms, found 3 plugins.
Preloading 0 native plugins for Editor in 0.00 ms.
Unloading 3359 Unused Serialized files (Serialized files now loaded: 0)
Unloading 21 unused Assets / (116.4 KB). Loaded Objects now: 3878.
Memory consumption went from 142.0 MB to 141.9 MB.
Total: 6.019000 ms (FindLiveObjects: 0.413800 ms CreateObjectMapping: 0.217600 ms MarkObjects: 5.169200 ms  DeleteObjects: 0.216500 ms)

AssetImportParameters requested are different than current active one (requested -> active):
  custom:video-decoder-ogg-theora: a1e56fd34408186e4bbccfd4996cb3dc -> 
  custom:container-muxer-webm: aa71ff27fc2769a1b78a27578f13a17b -> 
  custom:container-demuxer-webm: 4f35f7cbe854078d1ac9338744f61a02 -> 
  custom:video-encoder-webm-vp8: eb34c28f22e8b96e1ab97ce403110664 -> 
  custom:video-codec-MediaFoundation-h265: 746d11721c4dcdbdad8f713fa42b33f4 -> 
  custom:audio-encoder-webm-vorbis: bf7c407c2cedff20999df2af8eb42d56 -> 
  custom:framework-win-MediaFoundation: 216162199b28c13a410421893ffa2e32 -> 
  custom:container-demuxer-ogg: 62fdf1f143b41e24485cea50d1cbac27 -> 
  custom:video-decoder-webm-vp8: 9c59270c3fd7afecdb556c50c9e8de78 -> 
  custom:audio-decoder-ogg-vorbis: bf7c407c2cedff20999df2af8eb42d56 -> 
========================================================================
Received Import Request.
  Time since last request: 2989.256091 seconds.
  path: Assets/SpriteGlow
  artifactKey: Guid(bc24a243bddc57143829a09bb64ff386) Importer(815301076,1909f56bfc062723c751e8b465ee728b)
Start importing Assets/SpriteGlow using Guid(bc24a243bddc57143829a09bb64ff386) Importer(815301076,1909f56bfc062723c751e8b465ee728b)  -> (artifact id: 'a7b9de35ceda68d741f08085ae321e2c') in 0.026012 seconds 
