Using pre-set license
Built from '2021.3/staging' branch; Version is '2021.3.16f1 (4016570cf34f) revision 4200023'; Using compiler version '192829333'; Build Type 'Release'
OS: 'Windows 10  (10.0.19044) 64bit Core' Language: 'ko' Physical Memory: 16107 MB
BatchMode: 1, IsHumanControllingUs: 0, StartBugReporterOnCrash: 0, Is64bit: 1, IsPro: 1

COMMAND LINE ARGUMENTS:
C:\Program Files\Unity\Hub\Editor\2021.3.16f1\Editor\Unity.exe
-adb2
-batchMode
-noUpm
-name
AssetImportWorker0
-projectPath
C:/Users/User/Documents/GitHub/UPPURPLE/UPPURPLE_project/UPPURPLE
-logFile
Logs/AssetImportWorker0.log
-srvPort
58297
Successfully changed project path to: C:/Users/User/Documents/GitHub/UPPURPLE/UPPURPLE_project/UPPURPLE
C:/Users/User/Documents/GitHub/UPPURPLE/UPPURPLE_project/UPPURPLE
[UnityMemory] Configuration Parameters - Can be set up in boot.config
    "memorysetup-bucket-allocator-granularity=16"
    "memorysetup-bucket-allocator-bucket-count=8"
    "memorysetup-bucket-allocator-block-size=33554432"
    "memorysetup-bucket-allocator-block-count=8"
    "memorysetup-main-allocator-block-size=16777216"
    "memorysetup-thread-allocator-block-size=16777216"
    "memorysetup-gfx-main-allocator-block-size=16777216"
    "memorysetup-gfx-thread-allocator-block-size=16777216"
    "memorysetup-cache-allocator-block-size=4194304"
    "memorysetup-typetree-allocator-block-size=2097152"
    "memorysetup-profiler-bucket-allocator-granularity=16"
    "memorysetup-profiler-bucket-allocator-bucket-count=8"
    "memorysetup-profiler-bucket-allocator-block-size=33554432"
    "memorysetup-profiler-bucket-allocator-block-count=8"
    "memorysetup-profiler-allocator-block-size=16777216"
    "memorysetup-profiler-editor-allocator-block-size=1048576"
    "memorysetup-temp-allocator-size-main=16777216"
    "memorysetup-job-temp-allocator-block-size=2097152"
    "memorysetup-job-temp-allocator-block-size-background=1048576"
    "memorysetup-job-temp-allocator-reduction-small-platforms=262144"
    "memorysetup-temp-allocator-size-background-worker=32768"
    "memorysetup-temp-allocator-size-job-worker=262144"
    "memorysetup-temp-allocator-size-preload-manager=33554432"
    "memorysetup-temp-allocator-size-nav-mesh-worker=65536"
    "memorysetup-temp-allocator-size-audio-worker=65536"
    "memorysetup-temp-allocator-size-cloud-worker=32768"
    "memorysetup-temp-allocator-size-gi-baking-worker=262144"
    "memorysetup-temp-allocator-size-gfx=262144"
Player connection [13108] Host "[IP] 192.168.0.4 [Port] 0 [Flags] 2 [Guid] 2664997063 [EditorId] 2664997063 [Version] 1048832 [Id] WindowsEditor(7,LAPTOP-NJ38A8SC) [Debug] 1 [PackageName] WindowsEditor [ProjectName] Editor" joined multi-casting on [225.0.0.222:54997]...

Player connection [13108] Host "[IP] 192.168.0.4 [Port] 0 [Flags] 2 [Guid] 2664997063 [EditorId] 2664997063 [Version] 1048832 [Id] WindowsEditor(7,LAPTOP-NJ38A8SC) [Debug] 1 [PackageName] WindowsEditor [ProjectName] Editor" joined alternative multi-casting on [225.0.0.222:34997]...

Refreshing native plugins compatible for Editor in 142.51 ms, found 3 plugins.
Preloading 0 native plugins for Editor in 0.00 ms.
Initialize engine version: 2021.3.16f1 (4016570cf34f)
[Subsystems] Discovering subsystems at path C:/Program Files/Unity/Hub/Editor/2021.3.16f1/Editor/Data/Resources/UnitySubsystems
[Subsystems] Discovering subsystems at path C:/Users/User/Documents/GitHub/UPPURPLE/UPPURPLE_project/UPPURPLE/Assets
GfxDevice: creating device client; threaded=0; jobified=0
Direct3D:
    Version:  Direct3D 11.0 [level 11.1]
    Renderer: Intel(R) Iris(R) Xe Graphics (ID=0x9a49)
    Vendor:   Intel
    VRAM:     8053 MB
    Driver:   27.20.100.9415
Initialize mono
Mono path[0] = 'C:/Program Files/Unity/Hub/Editor/2021.3.16f1/Editor/Data/Managed'
Mono path[1] = 'C:/Program Files/Unity/Hub/Editor/2021.3.16f1/Editor/Data/MonoBleedingEdge/lib/mono/unityjit-win32'
Mono config path = 'C:/Program Files/Unity/Hub/Editor/2021.3.16f1/Editor/Data/MonoBleedingEdge/etc'
Using monoOptions --debugger-agent=transport=dt_socket,embedding=1,server=y,suspend=n,address=127.0.0.1:56136
Begin MonoManager ReloadAssembly
Registering precompiled unity dll's ...
Register platform support module: C:/Program Files/Unity/Hub/Editor/2021.3.16f1/Editor/Data/PlaybackEngines/AndroidPlayer/UnityEditor.Android.Extensions.dll
Register platform support module: C:/Program Files/Unity/Hub/Editor/2021.3.16f1/Editor/Data/PlaybackEngines/WindowsStandaloneSupport/UnityEditor.WindowsStandalone.Extensions.dll
Registered in 0.014822 seconds.
Native extension for WindowsStandalone target not found
Native extension for Android target not found
Refreshing native plugins compatible for Editor in 136.34 ms, found 3 plugins.
Preloading 0 native plugins for Editor in 0.00 ms.
Mono: successfully reloaded assembly
- Completed reload, in  1.073 seconds
Domain Reload Profiling:
	ReloadAssembly (1074ms)
		BeginReloadAssembly (133ms)
			ExecutionOrderSort (0ms)
			DisableScriptedObjects (0ms)
			BackupInstance (0ms)
			ReleaseScriptingObjects (0ms)
			CreateAndSetChildDomain (1ms)
		EndReloadAssembly (760ms)
			LoadAssemblies (129ms)
			RebuildTransferFunctionScriptingTraits (0ms)
			SetupTypeCache (181ms)
			ReleaseScriptCaches (0ms)
			RebuildScriptCaches (42ms)
			SetupLoadedEditorAssemblies (471ms)
				LogAssemblyErrors (0ms)
				InitializePlatformSupportModulesInManaged (94ms)
				SetLoadedEditorAssemblies (0ms)
				RefreshPlugins (136ms)
				BeforeProcessingInitializeOnLoad (2ms)
				ProcessInitializeOnLoadAttributes (156ms)
				ProcessInitializeOnLoadMethodAttributes (82ms)
				AfterProcessingInitializeOnLoad (0ms)
				EditorAssembliesLoaded (0ms)
			ExecutionOrderSort2 (0ms)
			AwakeInstancesAfterBackupRestoration (0ms)
Platform modules already initialized, skipping
Registering precompiled user dll's ...
Registered in 0.010315 seconds.
Begin MonoManager ReloadAssembly
Symbol file LoadedFromMemory doesn't match image C:\Users\User\Documents\GitHub\UPPURPLE\UPPURPLE_project\UPPURPLE\Library\PackageCache\com.unity.visualscripting@1.7.8\Editor\VisualScripting.Core\Dependencies\YamlDotNet\Unity.VisualScripting.YamlDotNet.dll
Symbol file LoadedFromMemory doesn't match image C:\Users\User\Documents\GitHub\UPPURPLE\UPPURPLE_project\UPPURPLE\Library\PackageCache\com.unity.visualscripting@1.7.8\Editor\VisualScripting.Core\Dependencies\DotNetZip\Unity.VisualScripting.IonicZip.dll
Native extension for WindowsStandalone target not found
Native extension for Android target not found
Refreshing native plugins compatible for Editor in 0.67 ms, found 3 plugins.
Preloading 0 native plugins for Editor in 0.00 ms.
Mono: successfully reloaded assembly
- Completed reload, in  1.590 seconds
Domain Reload Profiling:
	ReloadAssembly (1591ms)
		BeginReloadAssembly (261ms)
			ExecutionOrderSort (0ms)
			DisableScriptedObjects (8ms)
			BackupInstance (0ms)
			ReleaseScriptingObjects (0ms)
			CreateAndSetChildDomain (132ms)
		EndReloadAssembly (1158ms)
			LoadAssemblies (120ms)
			RebuildTransferFunctionScriptingTraits (0ms)
			SetupTypeCache (419ms)
			ReleaseScriptCaches (1ms)
			RebuildScriptCaches (69ms)
			SetupLoadedEditorAssemblies (491ms)
				LogAssemblyErrors (0ms)
				InitializePlatformSupportModulesInManaged (22ms)
				SetLoadedEditorAssemblies (1ms)
				RefreshPlugins (1ms)
				BeforeProcessingInitializeOnLoad (116ms)
				ProcessInitializeOnLoadAttributes (299ms)
				ProcessInitializeOnLoadMethodAttributes (42ms)
				AfterProcessingInitializeOnLoad (9ms)
				EditorAssembliesLoaded (0ms)
			ExecutionOrderSort2 (0ms)
			AwakeInstancesAfterBackupRestoration (8ms)
Platform modules already initialized, skipping
========================================================================
Worker process is ready to serve import requests
Launched and connected shader compiler UnityShaderCompiler.exe after 0.07 seconds
Refreshing native plugins compatible for Editor in 0.95 ms, found 3 plugins.
Preloading 0 native plugins for Editor in 0.00 ms.
Unloading 3361 Unused Serialized files (Serialized files now loaded: 0)
Unloading 26 unused Assets / (88.0 KB). Loaded Objects now: 3844.
Memory consumption went from 137.2 MB to 137.1 MB.
Total: 3.457500 ms (FindLiveObjects: 0.300200 ms CreateObjectMapping: 0.128500 ms MarkObjects: 2.883400 ms  DeleteObjects: 0.144100 ms)

AssetImportParameters requested are different than current active one (requested -> active):
  custom:video-decoder-ogg-theora: a1e56fd34408186e4bbccfd4996cb3dc -> 
  custom:container-muxer-webm: aa71ff27fc2769a1b78a27578f13a17b -> 
  custom:container-demuxer-webm: 4f35f7cbe854078d1ac9338744f61a02 -> 
  custom:video-encoder-webm-vp8: eb34c28f22e8b96e1ab97ce403110664 -> 
  custom:video-codec-MediaFoundation-h265: 746d11721c4dcdbdad8f713fa42b33f4 -> 
  custom:audio-encoder-webm-vorbis: bf7c407c2cedff20999df2af8eb42d56 -> 
  custom:framework-win-MediaFoundation: 216162199b28c13a410421893ffa2e32 -> 
  custom:container-demuxer-ogg: 62fdf1f143b41e24485cea50d1cbac27 -> 
  custom:video-decoder-webm-vp8: 9c59270c3fd7afecdb556c50c9e8de78 -> 
  custom:audio-decoder-ogg-vorbis: bf7c407c2cedff20999df2af8eb42d56 -> 
========================================================================
Received Import Request.
  Time since last request: 132068.308909 seconds.
  path: Assets/Art gallery Vol.8 - modern showroom/Models/Materials/Glass.mat
  artifactKey: Guid(c608cb89639860e41928e200d6952b0e) Importer(815301076,1909f56bfc062723c751e8b465ee728b)
Start importing Assets/Art gallery Vol.8 - modern showroom/Models/Materials/Glass.mat using Guid(c608cb89639860e41928e200d6952b0e) Importer(815301076,1909f56bfc062723c751e8b465ee728b)  -> (artifact id: '56e0547175d76f2eb74752e999727fec') in 0.183102 seconds 
========================================================================
Received Import Request.
  Time since last request: 53.266812 seconds.
  path: ProjectSettings/TagManager.asset
  artifactKey: Guid(00000000000000003000000000000000) Importer(815301076,1909f56bfc062723c751e8b465ee728b)
Start importing ProjectSettings/TagManager.asset using Guid(00000000000000003000000000000000) Importer(815301076,1909f56bfc062723c751e8b465ee728b)  -> (artifact id: '5f74b9f0782f3ffe8a654b2b60a9f33c') in 0.007691 seconds 
========================================================================
Received Import Request.
  Time since last request: 87.681435 seconds.
  path: Assets/Art gallery Vol.8 - modern showroom/Scenes/Art gallery Vol.8 - modern showroomSettings.lighting
  artifactKey: Guid(d17487922d1289b42a24a786906b8abe) Importer(815301076,1909f56bfc062723c751e8b465ee728b)
Start importing Assets/Art gallery Vol.8 - modern showroom/Scenes/Art gallery Vol.8 - modern showroomSettings.lighting using Guid(d17487922d1289b42a24a786906b8abe) Importer(815301076,1909f56bfc062723c751e8b465ee728b) LightingSettings: switching bake backend from 1 to 2.
 -> (artifact id: 'ceb9a479a1e8467b1c583d9a15177052') in 0.009126 seconds 
========================================================================
Received Import Request.
  Time since last request: 578.707954 seconds.
  path: Assets/Art gallery Vol.8 - modern showroom/Models/Bag_1.fbx
  artifactKey: Guid(2190f4d52c3f1be48b3f4737bb2f4a08) Importer(815301076,1909f56bfc062723c751e8b465ee728b)
Start importing Assets/Art gallery Vol.8 - modern showroom/Models/Bag_1.fbx using Guid(2190f4d52c3f1be48b3f4737bb2f4a08) Importer(815301076,1909f56bfc062723c751e8b465ee728b)  -> (artifact id: 'b9e234bf072bbb1e2fff29bfffe2268b') in 0.198954 seconds 
========================================================================
Received Import Request.
  Time since last request: 0.000045 seconds.
  path: Assets/Art gallery Vol.8 - modern showroom/Models/Information_Monitor.fbx
  artifactKey: Guid(c62bf3370c4cd38408f7ec289dc1a9b7) Importer(815301076,1909f56bfc062723c751e8b465ee728b)
Start importing Assets/Art gallery Vol.8 - modern showroom/Models/Information_Monitor.fbx using Guid(c62bf3370c4cd38408f7ec289dc1a9b7) Importer(815301076,1909f56bfc062723c751e8b465ee728b)  -> (artifact id: 'a45d6f3362f7e61039aa883a2a94d2c2') in 0.093751 seconds 
========================================================================
Received Import Request.
  Time since last request: 0.977220 seconds.
  path: Assets/Art gallery Vol.8 - modern showroom/Models/Prefabs
  artifactKey: Guid(03d22312abdb6db45910db0e61dfd4ea) Importer(815301076,1909f56bfc062723c751e8b465ee728b)
Start importing Assets/Art gallery Vol.8 - modern showroom/Models/Prefabs using Guid(03d22312abdb6db45910db0e61dfd4ea) Importer(815301076,1909f56bfc062723c751e8b465ee728b)  -> (artifact id: 'f3850cf1a002e3d1873efb02ef3f8cc9') in 0.008420 seconds 
========================================================================
Received Import Request.
  Time since last request: 0.042391 seconds.
  path: Assets/Art gallery Vol.8 - modern showroom/Models/Prefabs/Ceiling_Window.prefab
  artifactKey: Guid(f69e7576e83fb6a42a39c6ac09370469) Importer(815301076,1909f56bfc062723c751e8b465ee728b)
Start importing Assets/Art gallery Vol.8 - modern showroom/Models/Prefabs/Ceiling_Window.prefab using Guid(f69e7576e83fb6a42a39c6ac09370469) Importer(815301076,1909f56bfc062723c751e8b465ee728b)  -> (artifact id: '87dc59dcac8a3c590582b581382ec98d') in 0.034607 seconds 
========================================================================
Received Import Request.
  Time since last request: 0.000025 seconds.
  path: Assets/Art gallery Vol.8 - modern showroom/Models/Prefabs/Detailed_Spotlight.prefab
  artifactKey: Guid(7060c768930853c42afed586cccadf44) Importer(815301076,1909f56bfc062723c751e8b465ee728b)
Start importing Assets/Art gallery Vol.8 - modern showroom/Models/Prefabs/Detailed_Spotlight.prefab using Guid(7060c768930853c42afed586cccadf44) Importer(815301076,1909f56bfc062723c751e8b465ee728b)  -> (artifact id: 'c662c7dc0c2c06f5fd7c3d2abd079064') in 0.117758 seconds 
========================================================================
Received Import Request.
  Time since last request: 0.535634 seconds.
  path: Assets/Art gallery Vol.8 - modern showroom/Models/Prefabs/Picture_2_B.prefab
  artifactKey: Guid(62b9493b166e8044b92b20dd7c0f8ed4) Importer(815301076,1909f56bfc062723c751e8b465ee728b)
Start importing Assets/Art gallery Vol.8 - modern showroom/Models/Prefabs/Picture_2_B.prefab using Guid(62b9493b166e8044b92b20dd7c0f8ed4) Importer(815301076,1909f56bfc062723c751e8b465ee728b)  -> (artifact id: 'e5a924b335bc91e4e4147bb16cbd8b62') in 0.049218 seconds 
========================================================================
Received Import Request.
  Time since last request: 0.000023 seconds.
  path: Assets/Art gallery Vol.8 - modern showroom/Models/Prefabs/Picture_3_B.prefab
  artifactKey: Guid(9e503d0df52f6044a803bede662559f9) Importer(815301076,1909f56bfc062723c751e8b465ee728b)
Start importing Assets/Art gallery Vol.8 - modern showroom/Models/Prefabs/Picture_3_B.prefab using Guid(9e503d0df52f6044a803bede662559f9) Importer(815301076,1909f56bfc062723c751e8b465ee728b)  -> (artifact id: 'c1422ee9a0b9ef99d64e527c5700d9e9') in 0.020577 seconds 
========================================================================
Received Import Request.
  Time since last request: 0.000021 seconds.
  path: Assets/Art gallery Vol.8 - modern showroom/Models/Prefabs/Picture_3_C.prefab
  artifactKey: Guid(c3e9412e85afc9d46aac74ad3ae96d70) Importer(815301076,1909f56bfc062723c751e8b465ee728b)
Start importing Assets/Art gallery Vol.8 - modern showroom/Models/Prefabs/Picture_3_C.prefab using Guid(c3e9412e85afc9d46aac74ad3ae96d70) Importer(815301076,1909f56bfc062723c751e8b465ee728b)  -> (artifact id: '084e48bd02a4579efd84aba905dbae1a') in 0.019282 seconds 
========================================================================
Received Import Request.
  Time since last request: 0.000023 seconds.
  path: Assets/Art gallery Vol.8 - modern showroom/Models/Prefabs/Picture_4_C.prefab
  artifactKey: Guid(3d2d2bfe64517d348bb1c598ceb813a8) Importer(815301076,1909f56bfc062723c751e8b465ee728b)
Start importing Assets/Art gallery Vol.8 - modern showroom/Models/Prefabs/Picture_4_C.prefab using Guid(3d2d2bfe64517d348bb1c598ceb813a8) Importer(815301076,1909f56bfc062723c751e8b465ee728b)  -> (artifact id: '8f6f983e234de4d3d53ab3d58de92ea1') in 0.034690 seconds 
========================================================================
Received Import Request.
  Time since last request: 0.000050 seconds.
  path: Assets/Art gallery Vol.8 - modern showroom/Models/Prefabs/Picture_3_A.prefab
  artifactKey: Guid(575389ded983e684db17d3d0dc9d96a1) Importer(815301076,1909f56bfc062723c751e8b465ee728b)
Start importing Assets/Art gallery Vol.8 - modern showroom/Models/Prefabs/Picture_3_A.prefab using Guid(575389ded983e684db17d3d0dc9d96a1) Importer(815301076,1909f56bfc062723c751e8b465ee728b)  -> (artifact id: '251abdf872e3a5afa0a37536c6c8d163') in 0.024409 seconds 
========================================================================
Received Import Request.
  Time since last request: 0.000030 seconds.
  path: Assets/Art gallery Vol.8 - modern showroom/Models/Prefabs/Picture_6_A.prefab
  artifactKey: Guid(26421517c35411745b15c5dd5f719306) Importer(815301076,1909f56bfc062723c751e8b465ee728b)
Start importing Assets/Art gallery Vol.8 - modern showroom/Models/Prefabs/Picture_6_A.prefab using Guid(26421517c35411745b15c5dd5f719306) Importer(815301076,1909f56bfc062723c751e8b465ee728b)  -> (artifact id: '90e4fb22934c4e9843b4b116eb019ceb') in 0.024549 seconds 
========================================================================
Received Import Request.
  Time since last request: 0.148005 seconds.
  path: Assets/Art gallery Vol.8 - modern showroom/Models/Prefabs/Picture_6_B.prefab
  artifactKey: Guid(11cbbc592ff7e264396109aa666ba8f1) Importer(815301076,1909f56bfc062723c751e8b465ee728b)
Start importing Assets/Art gallery Vol.8 - modern showroom/Models/Prefabs/Picture_6_B.prefab using Guid(11cbbc592ff7e264396109aa666ba8f1) Importer(815301076,1909f56bfc062723c751e8b465ee728b)  -> (artifact id: 'd00fbcc674c02a35ad169b91b5ea75c8') in 0.043263 seconds 
========================================================================
Received Import Request.
  Time since last request: 0.000037 seconds.
  path: Assets/Art gallery Vol.8 - modern showroom/Models/Prefabs/Stand_Slope_2.prefab
  artifactKey: Guid(5db02801f8a260649a9903633f78a64e) Importer(815301076,1909f56bfc062723c751e8b465ee728b)
Start importing Assets/Art gallery Vol.8 - modern showroom/Models/Prefabs/Stand_Slope_2.prefab using Guid(5db02801f8a260649a9903633f78a64e) Importer(815301076,1909f56bfc062723c751e8b465ee728b)  -> (artifact id: '3df0eaf0f5c5b22a977902abe30a01e7') in 0.031191 seconds 
========================================================================
Received Import Request.
  Time since last request: 0.000046 seconds.
  path: Assets/Art gallery Vol.8 - modern showroom/Models/Prefabs/plate.prefab
  artifactKey: Guid(c8c66f3ae30c04144b5456cd598d900c) Importer(815301076,1909f56bfc062723c751e8b465ee728b)
Start importing Assets/Art gallery Vol.8 - modern showroom/Models/Prefabs/plate.prefab using Guid(c8c66f3ae30c04144b5456cd598d900c) Importer(815301076,1909f56bfc062723c751e8b465ee728b)  -> (artifact id: 'f757c3915d56730415fcc0d8a5278d9e') in 0.026415 seconds 
========================================================================
Received Import Request.
  Time since last request: 0.000031 seconds.
  path: Assets/Art gallery Vol.8 - modern showroom/Models/Prefabs/Stand_Short.prefab
  artifactKey: Guid(8d51bb1953bb1a345a36554acee10423) Importer(815301076,1909f56bfc062723c751e8b465ee728b)
Start importing Assets/Art gallery Vol.8 - modern showroom/Models/Prefabs/Stand_Short.prefab using Guid(8d51bb1953bb1a345a36554acee10423) Importer(815301076,1909f56bfc062723c751e8b465ee728b)  -> (artifact id: 'f30a935862aa7e7f465a295de44a3f5b') in 0.019544 seconds 
========================================================================
Received Import Request.
  Time since last request: 0.000035 seconds.
  path: Assets/Art gallery Vol.8 - modern showroom/Models/Prefabs/Stand.prefab
  artifactKey: Guid(4cdf23ace5a12204bae8fe0f47cf3e3d) Importer(815301076,1909f56bfc062723c751e8b465ee728b)
Start importing Assets/Art gallery Vol.8 - modern showroom/Models/Prefabs/Stand.prefab using Guid(4cdf23ace5a12204bae8fe0f47cf3e3d) Importer(815301076,1909f56bfc062723c751e8b465ee728b)  -> (artifact id: '648c724320ce1cf8a5020b690fa0b23c') in 0.019838 seconds 
========================================================================
Received Import Request.
  Time since last request: 0.000048 seconds.
  path: Assets/Art gallery Vol.8 - modern showroom/Models/Prefabs/Stand_Round.prefab
  artifactKey: Guid(c119343ee53806b4b991d4b4b0b61a5e) Importer(815301076,1909f56bfc062723c751e8b465ee728b)
Start importing Assets/Art gallery Vol.8 - modern showroom/Models/Prefabs/Stand_Round.prefab using Guid(c119343ee53806b4b991d4b4b0b61a5e) Importer(815301076,1909f56bfc062723c751e8b465ee728b)  -> (artifact id: '34e90bc3bdf592bf7416ee353d01be9c') in 0.020726 seconds 
========================================================================
Received Import Request.
  Time since last request: 0.208629 seconds.
  path: Assets/Art gallery Vol.8 - modern showroom/Models/Prefabs/Wall_Tile.prefab
  artifactKey: Guid(43aa40bc0b8857345a7f6fa4e99ea0e7) Importer(815301076,1909f56bfc062723c751e8b465ee728b)
Start importing Assets/Art gallery Vol.8 - modern showroom/Models/Prefabs/Wall_Tile.prefab using Guid(43aa40bc0b8857345a7f6fa4e99ea0e7) Importer(815301076,1909f56bfc062723c751e8b465ee728b)  -> (artifact id: 'e717f3137ad61a115b8c659a0ffb1088') in 0.028626 seconds 
========================================================================
Received Import Request.
  Time since last request: 979.847579 seconds.
  path: Assets/Art gallery Vol.8 - modern showroom/Models/Materials/glasscase.mat
  artifactKey: Guid(cfe0d670ea6923f4ba34333dd9bbfa4e) Importer(815301076,1909f56bfc062723c751e8b465ee728b)
Start importing Assets/Art gallery Vol.8 - modern showroom/Models/Materials/glasscase.mat using Guid(cfe0d670ea6923f4ba34333dd9bbfa4e) Importer(815301076,1909f56bfc062723c751e8b465ee728b)  -> (artifact id: '8bf316f28b9c1af0acae6bb82449c2e8') in 0.015077 seconds 
========================================================================
Received Import Request.
  Time since last request: 258.271215 seconds.
  path: Assets/Art gallery Vol.8 - modern showroom/Models/Materials/Glass.mat
  artifactKey: Guid(c608cb89639860e41928e200d6952b0e) Importer(815301076,1909f56bfc062723c751e8b465ee728b)
Start importing Assets/Art gallery Vol.8 - modern showroom/Models/Materials/Glass.mat using Guid(c608cb89639860e41928e200d6952b0e) Importer(815301076,1909f56bfc062723c751e8b465ee728b)  -> (artifact id: 'b8d25031a69132264e85e019163e53be') in 0.020513 seconds 
