Using pre-set license
Built from '2021.3/staging' branch; Version is '2021.3.16f1 (4016570cf34f) revision 4200023'; Using compiler version '192829333'; Build Type 'Release'
OS: 'Windows 10  (10.0.19044) 64bit Core' Language: 'ko' Physical Memory: 16107 MB
BatchMode: 1, IsHumanControllingUs: 0, StartBugReporterOnCrash: 0, Is64bit: 1, IsPro: 1

COMMAND LINE ARGUMENTS:
C:\Program Files\Unity\Hub\Editor\2021.3.16f1\Editor\Unity.exe
-adb2
-batchMode
-noUpm
-name
AssetImportWorker1
-projectPath
C:/Users/User/Documents/GitHub/UPPURPLE/UPPURPLE_project/UPPURPLE
-logFile
Logs/AssetImportWorker1.log
-srvPort
58297
Successfully changed project path to: C:/Users/User/Documents/GitHub/UPPURPLE/UPPURPLE_project/UPPURPLE
C:/Users/User/Documents/GitHub/UPPURPLE/UPPURPLE_project/UPPURPLE
[UnityMemory] Configuration Parameters - Can be set up in boot.config
    "memorysetup-bucket-allocator-granularity=16"
    "memorysetup-bucket-allocator-bucket-count=8"
    "memorysetup-bucket-allocator-block-size=33554432"
    "memorysetup-bucket-allocator-block-count=8"
    "memorysetup-main-allocator-block-size=16777216"
    "memorysetup-thread-allocator-block-size=16777216"
    "memorysetup-gfx-main-allocator-block-size=16777216"
    "memorysetup-gfx-thread-allocator-block-size=16777216"
    "memorysetup-cache-allocator-block-size=4194304"
    "memorysetup-typetree-allocator-block-size=2097152"
    "memorysetup-profiler-bucket-allocator-granularity=16"
    "memorysetup-profiler-bucket-allocator-bucket-count=8"
    "memorysetup-profiler-bucket-allocator-block-size=33554432"
    "memorysetup-profiler-bucket-allocator-block-count=8"
    "memorysetup-profiler-allocator-block-size=16777216"
    "memorysetup-profiler-editor-allocator-block-size=1048576"
    "memorysetup-temp-allocator-size-main=16777216"
    "memorysetup-job-temp-allocator-block-size=2097152"
    "memorysetup-job-temp-allocator-block-size-background=1048576"
    "memorysetup-job-temp-allocator-reduction-small-platforms=262144"
    "memorysetup-temp-allocator-size-background-worker=32768"
    "memorysetup-temp-allocator-size-job-worker=262144"
    "memorysetup-temp-allocator-size-preload-manager=33554432"
    "memorysetup-temp-allocator-size-nav-mesh-worker=65536"
    "memorysetup-temp-allocator-size-audio-worker=65536"
    "memorysetup-temp-allocator-size-cloud-worker=32768"
    "memorysetup-temp-allocator-size-gi-baking-worker=262144"
    "memorysetup-temp-allocator-size-gfx=262144"
Player connection [9000] Host "[IP] 192.168.0.4 [Port] 0 [Flags] 2 [Guid] 1232553206 [EditorId] 1232553206 [Version] 1048832 [Id] WindowsEditor(7,LAPTOP-NJ38A8SC) [Debug] 1 [PackageName] WindowsEditor [ProjectName] Editor" joined multi-casting on [225.0.0.222:54997]...

Player connection [9000] Host "[IP] 192.168.0.4 [Port] 0 [Flags] 2 [Guid] 1232553206 [EditorId] 1232553206 [Version] 1048832 [Id] WindowsEditor(7,LAPTOP-NJ38A8SC) [Debug] 1 [PackageName] WindowsEditor [ProjectName] Editor" joined alternative multi-casting on [225.0.0.222:34997]...

Refreshing native plugins compatible for Editor in 136.19 ms, found 3 plugins.
Preloading 0 native plugins for Editor in 0.00 ms.
Initialize engine version: 2021.3.16f1 (4016570cf34f)
[Subsystems] Discovering subsystems at path C:/Program Files/Unity/Hub/Editor/2021.3.16f1/Editor/Data/Resources/UnitySubsystems
[Subsystems] Discovering subsystems at path C:/Users/User/Documents/GitHub/UPPURPLE/UPPURPLE_project/UPPURPLE/Assets
GfxDevice: creating device client; threaded=0; jobified=0
Direct3D:
    Version:  Direct3D 11.0 [level 11.1]
    Renderer: Intel(R) Iris(R) Xe Graphics (ID=0x9a49)
    Vendor:   Intel
    VRAM:     8053 MB
    Driver:   27.20.100.9415
Initialize mono
Mono path[0] = 'C:/Program Files/Unity/Hub/Editor/2021.3.16f1/Editor/Data/Managed'
Mono path[1] = 'C:/Program Files/Unity/Hub/Editor/2021.3.16f1/Editor/Data/MonoBleedingEdge/lib/mono/unityjit-win32'
Mono config path = 'C:/Program Files/Unity/Hub/Editor/2021.3.16f1/Editor/Data/MonoBleedingEdge/etc'
Using monoOptions --debugger-agent=transport=dt_socket,embedding=1,server=y,suspend=n,address=127.0.0.1:56304
Begin MonoManager ReloadAssembly
Registering precompiled unity dll's ...
Register platform support module: C:/Program Files/Unity/Hub/Editor/2021.3.16f1/Editor/Data/PlaybackEngines/AndroidPlayer/UnityEditor.Android.Extensions.dll
Register platform support module: C:/Program Files/Unity/Hub/Editor/2021.3.16f1/Editor/Data/PlaybackEngines/WindowsStandaloneSupport/UnityEditor.WindowsStandalone.Extensions.dll
Registered in 0.013343 seconds.
Native extension for WindowsStandalone target not found
Native extension for Android target not found
Refreshing native plugins compatible for Editor in 137.98 ms, found 3 plugins.
Preloading 0 native plugins for Editor in 0.00 ms.
Mono: successfully reloaded assembly
- Completed reload, in  1.078 seconds
Domain Reload Profiling:
	ReloadAssembly (1079ms)
		BeginReloadAssembly (133ms)
			ExecutionOrderSort (0ms)
			DisableScriptedObjects (0ms)
			BackupInstance (0ms)
			ReleaseScriptingObjects (0ms)
			CreateAndSetChildDomain (1ms)
		EndReloadAssembly (766ms)
			LoadAssemblies (129ms)
			RebuildTransferFunctionScriptingTraits (0ms)
			SetupTypeCache (180ms)
			ReleaseScriptCaches (0ms)
			RebuildScriptCaches (41ms)
			SetupLoadedEditorAssemblies (475ms)
				LogAssemblyErrors (0ms)
				InitializePlatformSupportModulesInManaged (96ms)
				SetLoadedEditorAssemblies (0ms)
				RefreshPlugins (138ms)
				BeforeProcessingInitializeOnLoad (1ms)
				ProcessInitializeOnLoadAttributes (156ms)
				ProcessInitializeOnLoadMethodAttributes (83ms)
				AfterProcessingInitializeOnLoad (0ms)
				EditorAssembliesLoaded (0ms)
			ExecutionOrderSort2 (0ms)
			AwakeInstancesAfterBackupRestoration (0ms)
Platform modules already initialized, skipping
Registering precompiled user dll's ...
Registered in 0.011320 seconds.
Begin MonoManager ReloadAssembly
Symbol file LoadedFromMemory doesn't match image C:\Users\User\Documents\GitHub\UPPURPLE\UPPURPLE_project\UPPURPLE\Library\PackageCache\com.unity.visualscripting@1.7.8\Editor\VisualScripting.Core\Dependencies\YamlDotNet\Unity.VisualScripting.YamlDotNet.dll
Symbol file LoadedFromMemory doesn't match image C:\Users\User\Documents\GitHub\UPPURPLE\UPPURPLE_project\UPPURPLE\Library\PackageCache\com.unity.visualscripting@1.7.8\Editor\VisualScripting.Core\Dependencies\DotNetZip\Unity.VisualScripting.IonicZip.dll
Native extension for WindowsStandalone target not found
Native extension for Android target not found
Refreshing native plugins compatible for Editor in 0.71 ms, found 3 plugins.
Preloading 0 native plugins for Editor in 0.00 ms.
Mono: successfully reloaded assembly
- Completed reload, in  1.594 seconds
Domain Reload Profiling:
	ReloadAssembly (1595ms)
		BeginReloadAssembly (266ms)
			ExecutionOrderSort (0ms)
			DisableScriptedObjects (9ms)
			BackupInstance (0ms)
			ReleaseScriptingObjects (0ms)
			CreateAndSetChildDomain (139ms)
		EndReloadAssembly (1156ms)
			LoadAssemblies (117ms)
			RebuildTransferFunctionScriptingTraits (0ms)
			SetupTypeCache (424ms)
			ReleaseScriptCaches (1ms)
			RebuildScriptCaches (71ms)
			SetupLoadedEditorAssemblies (493ms)
				LogAssemblyErrors (0ms)
				InitializePlatformSupportModulesInManaged (20ms)
				SetLoadedEditorAssemblies (1ms)
				RefreshPlugins (1ms)
				BeforeProcessingInitializeOnLoad (132ms)
				ProcessInitializeOnLoadAttributes (293ms)
				ProcessInitializeOnLoadMethodAttributes (35ms)
				AfterProcessingInitializeOnLoad (11ms)
				EditorAssembliesLoaded (0ms)
			ExecutionOrderSort2 (0ms)
			AwakeInstancesAfterBackupRestoration (8ms)
Platform modules already initialized, skipping
========================================================================
Worker process is ready to serve import requests
Launched and connected shader compiler UnityShaderCompiler.exe after 0.07 seconds
Refreshing native plugins compatible for Editor in 0.78 ms, found 3 plugins.
Preloading 0 native plugins for Editor in 0.00 ms.
Unloading 3361 Unused Serialized files (Serialized files now loaded: 0)
Unloading 26 unused Assets / (88.0 KB). Loaded Objects now: 3844.
Memory consumption went from 137.2 MB to 137.1 MB.
Total: 3.584500 ms (FindLiveObjects: 0.357600 ms CreateObjectMapping: 0.257200 ms MarkObjects: 2.833400 ms  DeleteObjects: 0.134900 ms)

AssetImportParameters requested are different than current active one (requested -> active):
  custom:video-decoder-ogg-theora: a1e56fd34408186e4bbccfd4996cb3dc -> 
  custom:container-muxer-webm: aa71ff27fc2769a1b78a27578f13a17b -> 
  custom:container-demuxer-webm: 4f35f7cbe854078d1ac9338744f61a02 -> 
  custom:video-encoder-webm-vp8: eb34c28f22e8b96e1ab97ce403110664 -> 
  custom:video-codec-MediaFoundation-h265: 746d11721c4dcdbdad8f713fa42b33f4 -> 
  custom:audio-encoder-webm-vorbis: bf7c407c2cedff20999df2af8eb42d56 -> 
  custom:framework-win-MediaFoundation: 216162199b28c13a410421893ffa2e32 -> 
  custom:container-demuxer-ogg: 62fdf1f143b41e24485cea50d1cbac27 -> 
  custom:video-decoder-webm-vp8: 9c59270c3fd7afecdb556c50c9e8de78 -> 
  custom:audio-decoder-ogg-vorbis: bf7c407c2cedff20999df2af8eb42d56 -> 
========================================================================
Received Import Request.
  Time since last request: 132068.310697 seconds.
  path: Assets/Art gallery Vol.8 - modern showroom/Models/Materials/M_Bag_1.mat
  artifactKey: Guid(a4dc23054bd0a5c468778f10ede27130) Importer(815301076,1909f56bfc062723c751e8b465ee728b)
Start importing Assets/Art gallery Vol.8 - modern showroom/Models/Materials/M_Bag_1.mat using Guid(a4dc23054bd0a5c468778f10ede27130) Importer(815301076,1909f56bfc062723c751e8b465ee728b)  -> (artifact id: '7b69f8eb36ddfc0c355c626dd7541149') in 0.186712 seconds 
========================================================================
Received Import Request.
  Time since last request: 719.692332 seconds.
  path: Assets/Art gallery Vol.8 - modern showroom/Models/Detailed_Spotlight.fbx
  artifactKey: Guid(16150b792d68b48438f9cfad96998f39) Importer(815301076,1909f56bfc062723c751e8b465ee728b)
Start importing Assets/Art gallery Vol.8 - modern showroom/Models/Detailed_Spotlight.fbx using Guid(16150b792d68b48438f9cfad96998f39) Importer(815301076,1909f56bfc062723c751e8b465ee728b)  -> (artifact id: '530c5f5e3f67afc6593fe3ebddb8b281') in 0.240065 seconds 
========================================================================
Received Import Request.
  Time since last request: 0.000045 seconds.
  path: Assets/Art gallery Vol.8 - modern showroom/Models/interior.fbx
  artifactKey: Guid(52549ef5e2dca2a4fa34f7ae5247b3c3) Importer(815301076,1909f56bfc062723c751e8b465ee728b)
Start importing Assets/Art gallery Vol.8 - modern showroom/Models/interior.fbx using Guid(52549ef5e2dca2a4fa34f7ae5247b3c3) Importer(815301076,1909f56bfc062723c751e8b465ee728b)  -> (artifact id: '9726ca5a3c18b6d7c3c9531c1fb8e609') in 0.265946 seconds 
========================================================================
Received Import Request.
  Time since last request: 0.803445 seconds.
  path: Assets/Art gallery Vol.8 - modern showroom/Models/Prefabs/Ceiling_Window_Glass.prefab
  artifactKey: Guid(2e50f96b1f377a14d80011e6ab00c8f8) Importer(815301076,1909f56bfc062723c751e8b465ee728b)
Start importing Assets/Art gallery Vol.8 - modern showroom/Models/Prefabs/Ceiling_Window_Glass.prefab using Guid(2e50f96b1f377a14d80011e6ab00c8f8) Importer(815301076,1909f56bfc062723c751e8b465ee728b)  -> (artifact id: '2d21b0b6cc60cbfab502e1a3a33e4399') in 0.025274 seconds 
========================================================================
Received Import Request.
  Time since last request: 0.000026 seconds.
  path: Assets/Art gallery Vol.8 - modern showroom/Models/Prefabs/Information_Monitor_1.prefab
  artifactKey: Guid(2e75525fff8e2204c9ebfa9ec23f0782) Importer(815301076,1909f56bfc062723c751e8b465ee728b)
Start importing Assets/Art gallery Vol.8 - modern showroom/Models/Prefabs/Information_Monitor_1.prefab using Guid(2e75525fff8e2204c9ebfa9ec23f0782) Importer(815301076,1909f56bfc062723c751e8b465ee728b)  -> (artifact id: 'a6477d56348f816f15781c27be79f2a8') in 0.031881 seconds 
========================================================================
Received Import Request.
  Time since last request: 0.000040 seconds.
  path: Assets/Art gallery Vol.8 - modern showroom/Models/Prefabs/Door.prefab
  artifactKey: Guid(8bbea008941c1a1468e32caf7130f272) Importer(815301076,1909f56bfc062723c751e8b465ee728b)
Start importing Assets/Art gallery Vol.8 - modern showroom/Models/Prefabs/Door.prefab using Guid(8bbea008941c1a1468e32caf7130f272) Importer(815301076,1909f56bfc062723c751e8b465ee728b)  -> (artifact id: '026d5437544c4d9f53e63eb23de7c152') in 0.025545 seconds 
========================================================================
Received Import Request.
  Time since last request: 0.000045 seconds.
  path: Assets/Art gallery Vol.8 - modern showroom/Models/Prefabs/Information_Monitor_2.prefab
  artifactKey: Guid(cc8a9958f18322a41b1f7ef8c874b5ef) Importer(815301076,1909f56bfc062723c751e8b465ee728b)
Start importing Assets/Art gallery Vol.8 - modern showroom/Models/Prefabs/Information_Monitor_2.prefab using Guid(cc8a9958f18322a41b1f7ef8c874b5ef) Importer(815301076,1909f56bfc062723c751e8b465ee728b)  -> (artifact id: 'c821bc7728affb698fe8e82f1369f805') in 0.035867 seconds 
========================================================================
Received Import Request.
  Time since last request: 0.556825 seconds.
  path: Assets/Art gallery Vol.8 - modern showroom/Models/Prefabs/Picture_2_C.prefab
  artifactKey: Guid(7178402a61cab504f8f1d23e226ef370) Importer(815301076,1909f56bfc062723c751e8b465ee728b)
Start importing Assets/Art gallery Vol.8 - modern showroom/Models/Prefabs/Picture_2_C.prefab using Guid(7178402a61cab504f8f1d23e226ef370) Importer(815301076,1909f56bfc062723c751e8b465ee728b)  -> (artifact id: 'ef007e886bcfbbd7e4c3a842a994f420') in 0.027123 seconds 
========================================================================
Received Import Request.
  Time since last request: 0.000074 seconds.
  path: Assets/Art gallery Vol.8 - modern showroom/Models/Prefabs/Picture_5_A.prefab
  artifactKey: Guid(3093962f42435d14790af13839395942) Importer(815301076,1909f56bfc062723c751e8b465ee728b)
Start importing Assets/Art gallery Vol.8 - modern showroom/Models/Prefabs/Picture_5_A.prefab using Guid(3093962f42435d14790af13839395942) Importer(815301076,1909f56bfc062723c751e8b465ee728b)  -> (artifact id: 'c0ada2c1b102f66fb0c36e9b8513345b') in 0.022863 seconds 
========================================================================
Received Import Request.
  Time since last request: 0.000026 seconds.
  path: Assets/Art gallery Vol.8 - modern showroom/Models/Prefabs/Picture_4_B.prefab
  artifactKey: Guid(03edb48e7900de64e86c9207a2c34df4) Importer(815301076,1909f56bfc062723c751e8b465ee728b)
Start importing Assets/Art gallery Vol.8 - modern showroom/Models/Prefabs/Picture_4_B.prefab using Guid(03edb48e7900de64e86c9207a2c34df4) Importer(815301076,1909f56bfc062723c751e8b465ee728b)  -> (artifact id: 'cd0e6c3e1cd31b243fcf0bd0eecb2b2a') in 0.027155 seconds 
========================================================================
Received Import Request.
  Time since last request: 0.000022 seconds.
  path: Assets/Art gallery Vol.8 - modern showroom/Models/Prefabs/Picture_4_A.prefab
  artifactKey: Guid(30d95d9792842c64ca7428947efb5aae) Importer(815301076,1909f56bfc062723c751e8b465ee728b)
Start importing Assets/Art gallery Vol.8 - modern showroom/Models/Prefabs/Picture_4_A.prefab using Guid(30d95d9792842c64ca7428947efb5aae) Importer(815301076,1909f56bfc062723c751e8b465ee728b)  -> (artifact id: '2829ab597e5f874dadb803ff15749f22') in 0.021960 seconds 
========================================================================
Received Import Request.
  Time since last request: 0.000025 seconds.
  path: Assets/Art gallery Vol.8 - modern showroom/Models/Prefabs/Picture_5_C.prefab
  artifactKey: Guid(1910c45a18fbd354c9d187a5c97c6314) Importer(815301076,1909f56bfc062723c751e8b465ee728b)
Start importing Assets/Art gallery Vol.8 - modern showroom/Models/Prefabs/Picture_5_C.prefab using Guid(1910c45a18fbd354c9d187a5c97c6314) Importer(815301076,1909f56bfc062723c751e8b465ee728b)  -> (artifact id: '26b5f2f766a5e5ea174d0a751fc5fa7c') in 0.022404 seconds 
========================================================================
Received Import Request.
  Time since last request: 0.000026 seconds.
  path: Assets/Art gallery Vol.8 - modern showroom/Models/Prefabs/Picture_5_B.prefab
  artifactKey: Guid(dc4921936ba62504d9957b98391c9b8c) Importer(815301076,1909f56bfc062723c751e8b465ee728b)
Start importing Assets/Art gallery Vol.8 - modern showroom/Models/Prefabs/Picture_5_B.prefab using Guid(dc4921936ba62504d9957b98391c9b8c) Importer(815301076,1909f56bfc062723c751e8b465ee728b)  -> (artifact id: 'bd2ac044e22a52ae52d4ad1023d7506c') in 0.021209 seconds 
========================================================================
Received Import Request.
  Time since last request: 0.164177 seconds.
  path: Assets/Art gallery Vol.8 - modern showroom/Models/Prefabs/Picture_6_C.prefab
  artifactKey: Guid(1940ee9dc6b7a5047b4a4cc7d6117563) Importer(815301076,1909f56bfc062723c751e8b465ee728b)
Start importing Assets/Art gallery Vol.8 - modern showroom/Models/Prefabs/Picture_6_C.prefab using Guid(1940ee9dc6b7a5047b4a4cc7d6117563) Importer(815301076,1909f56bfc062723c751e8b465ee728b)  -> (artifact id: '9d4923121cdc43d26bd9f4d0f10588e3') in 0.039350 seconds 
========================================================================
Received Import Request.
  Time since last request: 0.000036 seconds.
  path: Assets/Art gallery Vol.8 - modern showroom/Models/Prefabs/Wall_Arch_Tile.prefab
  artifactKey: Guid(592808cc112f88d4d8a067ea35518fdd) Importer(815301076,1909f56bfc062723c751e8b465ee728b)
Start importing Assets/Art gallery Vol.8 - modern showroom/Models/Prefabs/Wall_Arch_Tile.prefab using Guid(592808cc112f88d4d8a067ea35518fdd) Importer(815301076,1909f56bfc062723c751e8b465ee728b)  -> (artifact id: 'faab8a9667bffec7fc84c47d0fcbc08e') in 0.031041 seconds 
========================================================================
Received Import Request.
  Time since last request: 0.000036 seconds.
  path: Assets/Art gallery Vol.8 - modern showroom/Models/Prefabs/Stand_Slope_1.prefab
  artifactKey: Guid(03ac25ba10c53174d99a14db72afd862) Importer(815301076,1909f56bfc062723c751e8b465ee728b)
Start importing Assets/Art gallery Vol.8 - modern showroom/Models/Prefabs/Stand_Slope_1.prefab using Guid(03ac25ba10c53174d99a14db72afd862) Importer(815301076,1909f56bfc062723c751e8b465ee728b)  -> (artifact id: '6f8dc006cebe89ac67a5e1f2718f9f3e') in 0.030085 seconds 
========================================================================
Received Import Request.
  Time since last request: 0.000020 seconds.
  path: Assets/Art gallery Vol.8 - modern showroom/Models/Prefabs/Wall_Door_Arch_Tile.prefab
  artifactKey: Guid(f13b4a212f32f19488e470d7958a95cc) Importer(815301076,1909f56bfc062723c751e8b465ee728b)
Start importing Assets/Art gallery Vol.8 - modern showroom/Models/Prefabs/Wall_Door_Arch_Tile.prefab using Guid(f13b4a212f32f19488e470d7958a95cc) Importer(815301076,1909f56bfc062723c751e8b465ee728b)  -> (artifact id: 'c4fbb73f53d7e43ad6b29ee71db889e1') in 0.031574 seconds 
========================================================================
Received Import Request.
  Time since last request: 0.000032 seconds.
  path: Assets/Art gallery Vol.8 - modern showroom/Models/Prefabs/Stand_Cubic.prefab
  artifactKey: Guid(9e6cfc0c26aa0ad4fad91d2a55399b5e) Importer(815301076,1909f56bfc062723c751e8b465ee728b)
Start importing Assets/Art gallery Vol.8 - modern showroom/Models/Prefabs/Stand_Cubic.prefab using Guid(9e6cfc0c26aa0ad4fad91d2a55399b5e) Importer(815301076,1909f56bfc062723c751e8b465ee728b)  -> (artifact id: 'fc35749c87086d83a2fe8b03bb5f122e') in 0.019800 seconds 
========================================================================
Received Import Request.
  Time since last request: 0.000030 seconds.
  path: Assets/Art gallery Vol.8 - modern showroom/Models/Prefabs/Stand_Abstract.prefab
  artifactKey: Guid(338c3391615d966438509af439d4b173) Importer(815301076,1909f56bfc062723c751e8b465ee728b)
Start importing Assets/Art gallery Vol.8 - modern showroom/Models/Prefabs/Stand_Abstract.prefab using Guid(338c3391615d966438509af439d4b173) Importer(815301076,1909f56bfc062723c751e8b465ee728b)  -> (artifact id: '77a8bc0f3dede6d53c2c0f93fa78289f') in 0.025578 seconds 
========================================================================
Received Import Request.
  Time since last request: 0.204491 seconds.
  path: Assets/Art gallery Vol.8 - modern showroom/Models/Prefabs/Wall_Turn_Inside.prefab
  artifactKey: Guid(e0cef9315cf59ba4cb9481a733300c1d) Importer(815301076,1909f56bfc062723c751e8b465ee728b)
Start importing Assets/Art gallery Vol.8 - modern showroom/Models/Prefabs/Wall_Turn_Inside.prefab using Guid(e0cef9315cf59ba4cb9481a733300c1d) Importer(815301076,1909f56bfc062723c751e8b465ee728b)  -> (artifact id: 'dbd1e0fa400f549f597f3bf285ca2afb') in 0.027842 seconds 
========================================================================
Received Import Request.
  Time since last request: 0.000040 seconds.
  path: Assets/Art gallery Vol.8 - modern showroom/Models/Prefabs/Wall_Turn_Outside_Tile.prefab
  artifactKey: Guid(4aa1bbe0940ee7c439269db16afdf2f3) Importer(815301076,1909f56bfc062723c751e8b465ee728b)
Start importing Assets/Art gallery Vol.8 - modern showroom/Models/Prefabs/Wall_Turn_Outside_Tile.prefab using Guid(4aa1bbe0940ee7c439269db16afdf2f3) Importer(815301076,1909f56bfc062723c751e8b465ee728b)  -> (artifact id: '9abc4cb68e42274af2ba3f111c411c61') in 0.021551 seconds 
========================================================================
Received Import Request.
  Time since last request: 1238.111450 seconds.
  path: Assets/Art gallery Vol.8 - modern showroom/Models/Materials/glasscase.mat
  artifactKey: Guid(cfe0d670ea6923f4ba34333dd9bbfa4e) Importer(815301076,1909f56bfc062723c751e8b465ee728b)
Start importing Assets/Art gallery Vol.8 - modern showroom/Models/Materials/glasscase.mat using Guid(cfe0d670ea6923f4ba34333dd9bbfa4e) Importer(815301076,1909f56bfc062723c751e8b465ee728b)  -> (artifact id: '31214db377d8ab1e0db3a0ce5e82ac19') in 0.018191 seconds 
